CRITICAL - 2024-07-18 15:27:34 --> Error: Class "app\Models\ClientesModel" not found
[Method: POST, Route: agregar_cliente]
in APPPATH\Controllers\ClientesController.php on line 33.
 1 SYSTEMPATH\CodeIgniter.php(933): App\Controllers\ClientesController->agregarCliente()
 2 SYSTEMPATH\CodeIgniter.php(509): CodeIgniter\CodeIgniter->runController(Object(App\Controllers\ClientesController))
 3 SYSTEMPATH\CodeIgniter.php(355): CodeIgniter\CodeIgniter->handleRequest(null, Object(Config\Cache), false)
 4 SYSTEMPATH\Boot.php(325): CodeIgniter\CodeIgniter->run()
 5 SYSTEMPATH\Boot.php(67): CodeIgniter\Boot::runCodeIgniter(Object(CodeIgniter\CodeIgniter))
 6 FCPATH\index.php(56): CodeIgniter\Boot::bootWeb(Object(Config\Paths))
CRITICAL - 2024-07-18 15:31:38 --> Error: Class "app\Models\ClientesModel" not found
[Method: POST, Route: agregar_cliente]
in APPPATH\Controllers\ClientesController.php on line 33.
 1 SYSTEMPATH\CodeIgniter.php(933): App\Controllers\ClientesController->agregarCliente()
 2 SYSTEMPATH\CodeIgniter.php(509): CodeIgniter\CodeIgniter->runController(Object(App\Controllers\ClientesController))
 3 SYSTEMPATH\CodeIgniter.php(355): CodeIgniter\CodeIgniter->handleRequest(null, Object(Config\Cache), false)
 4 SYSTEMPATH\Boot.php(325): CodeIgniter\CodeIgniter->run()
 5 SYSTEMPATH\Boot.php(67): CodeIgniter\Boot::runCodeIgniter(Object(CodeIgniter\CodeIgniter))
 6 FCPATH\index.php(56): CodeIgniter\Boot::bootWeb(Object(Config\Paths))
CRITICAL - 2024-07-18 15:33:48 --> Error: Class "app\Models\ClientesModel" not found
[Method: POST, Route: agregar_cliente]
in APPPATH\Controllers\ClientesController.php on line 33.
 1 SYSTEMPATH\CodeIgniter.php(933): App\Controllers\ClientesController->agregarCliente()
 2 SYSTEMPATH\CodeIgniter.php(509): CodeIgniter\CodeIgniter->runController(Object(App\Controllers\ClientesController))
 3 SYSTEMPATH\CodeIgniter.php(355): CodeIgniter\CodeIgniter->handleRequest(null, Object(Config\Cache), false)
 4 SYSTEMPATH\Boot.php(325): CodeIgniter\CodeIgniter->run()
 5 SYSTEMPATH\Boot.php(67): CodeIgniter\Boot::runCodeIgniter(Object(CodeIgniter\CodeIgniter))
 6 FCPATH\index.php(56): CodeIgniter\Boot::bootWeb(Object(Config\Paths))
CRITICAL - 2024-07-18 15:34:09 --> Error: Class "app\Models\ClientesModel" not found
[Method: POST, Route: agregar_cliente]
in APPPATH\Controllers\ClientesController.php on line 33.
 1 SYSTEMPATH\CodeIgniter.php(933): App\Controllers\ClientesController->agregarCliente()
 2 SYSTEMPATH\CodeIgniter.php(509): CodeIgniter\CodeIgniter->runController(Object(App\Controllers\ClientesController))
 3 SYSTEMPATH\CodeIgniter.php(355): CodeIgniter\CodeIgniter->handleRequest(null, Object(Config\Cache), false)
 4 SYSTEMPATH\Boot.php(325): CodeIgniter\CodeIgniter->run()
 5 SYSTEMPATH\Boot.php(67): CodeIgniter\Boot::runCodeIgniter(Object(CodeIgniter\CodeIgniter))
 6 FCPATH\index.php(56): CodeIgniter\Boot::bootWeb(Object(Config\Paths))
ERROR - 2024-07-18 15:35:09 --> mysqli_sql_exception: Duplicate entry '1501' for key 'PRIMARY' in C:\xampp\htdocs\FS2024\fs2024_telefonia\system\Database\MySQLi\Connection.php:312
Stack trace:
#0 C:\xampp\htdocs\FS2024\fs2024_telefonia\system\Database\MySQLi\Connection.php(312): mysqli->query('INSERT INTO `cl...', 0)
#1 C:\xampp\htdocs\FS2024\fs2024_telefonia\system\Database\BaseConnection.php(734): CodeIgniter\Database\MySQLi\Connection->execute('INSERT INTO `cl...')
#2 C:\xampp\htdocs\FS2024\fs2024_telefonia\system\Database\BaseConnection.php(648): CodeIgniter\Database\BaseConnection->simpleQuery('INSERT INTO `cl...')
#3 C:\xampp\htdocs\FS2024\fs2024_telefonia\system\Database\BaseBuilder.php(2332): CodeIgniter\Database\BaseConnection->query('INSERT INTO `cl...', Array, false)
#4 C:\xampp\htdocs\FS2024\fs2024_telefonia\system\Model.php(394): CodeIgniter\Database\BaseBuilder->insert()
#5 C:\xampp\htdocs\FS2024\fs2024_telefonia\system\BaseModel.php(840): CodeIgniter\Model->doInsert(Array)
#6 C:\xampp\htdocs\FS2024\fs2024_telefonia\system\Model.php(802): CodeIgniter\BaseModel->insert(Array, true)
#7 C:\xampp\htdocs\FS2024\fs2024_telefonia\app\Controllers\ClientesController.php(34): CodeIgniter\Model->insert(Array)
#8 C:\xampp\htdocs\FS2024\fs2024_telefonia\system\CodeIgniter.php(933): App\Controllers\ClientesController->agregarCliente()
#9 C:\xampp\htdocs\FS2024\fs2024_telefonia\system\CodeIgniter.php(509): CodeIgniter\CodeIgniter->runController(Object(App\Controllers\ClientesController))
#10 C:\xampp\htdocs\FS2024\fs2024_telefonia\system\CodeIgniter.php(355): CodeIgniter\CodeIgniter->handleRequest(NULL, Object(Config\Cache), false)
#11 C:\xampp\htdocs\FS2024\fs2024_telefonia\system\Boot.php(325): CodeIgniter\CodeIgniter->run()
#12 C:\xampp\htdocs\FS2024\fs2024_telefonia\system\Boot.php(67): CodeIgniter\Boot::runCodeIgniter(Object(CodeIgniter\CodeIgniter))
#13 C:\xampp\htdocs\FS2024\fs2024_telefonia\public\index.php(56): CodeIgniter\Boot::bootWeb(Object(Config\Paths))
#14 {main}
CRITICAL - 2024-07-18 15:35:09 --> CodeIgniter\Database\Exceptions\DatabaseException: Duplicate entry '1501' for key 'PRIMARY'
[Method: POST, Route: agregar_cliente]
in SYSTEMPATH\Database\BaseConnection.php on line 688.
 1 SYSTEMPATH\Database\BaseBuilder.php(2332): CodeIgniter\Database\BaseConnection->query('INSERT INTO `clientes` (`cliente_id`, `nombre`, `apellido`, `correo_electronico`, `calle_avenida`, `no_casa`, `zona`) VALUES (:cliente_id:, :nombre:, :apellido:, :correo_electronico:, :calle_avenida:, :no_casa:, :zona:)', [...], false)
 2 SYSTEMPATH\Model.php(394): CodeIgniter\Database\BaseBuilder->insert()
 3 SYSTEMPATH\BaseModel.php(840): CodeIgniter\Model->doInsert([...])
 4 SYSTEMPATH\Model.php(802): CodeIgniter\BaseModel->insert([...], true)
 5 APPPATH\Controllers\ClientesController.php(34): CodeIgniter\Model->insert([...])
 6 SYSTEMPATH\CodeIgniter.php(933): App\Controllers\ClientesController->agregarCliente()
 7 SYSTEMPATH\CodeIgniter.php(509): CodeIgniter\CodeIgniter->runController(Object(App\Controllers\ClientesController))
 8 SYSTEMPATH\CodeIgniter.php(355): CodeIgniter\CodeIgniter->handleRequest(null, Object(Config\Cache), false)
 9 SYSTEMPATH\Boot.php(325): CodeIgniter\CodeIgniter->run()
10 SYSTEMPATH\Boot.php(67): CodeIgniter\Boot::runCodeIgniter(Object(CodeIgniter\CodeIgniter))
11 FCPATH\index.php(56): CodeIgniter\Boot::bootWeb(Object(Config\Paths))
CRITICAL - 2024-07-18 15:35:09 --> [Caused by] CodeIgniter\Database\Exceptions\DatabaseException: Duplicate entry '1501' for key 'PRIMARY'
in SYSTEMPATH\Database\MySQLi\Connection.php on line 317.
 1 SYSTEMPATH\Database\BaseConnection.php(734): CodeIgniter\Database\MySQLi\Connection->execute('INSERT INTO `clientes` (`cliente_id`, `nombre`, `apellido`, `correo_electronico`, `calle_avenida`, `no_casa`, `zona`) VALUES (\'1501\', \'Alicia\', \'Martinez\', \'dfafad@dfalsdf.com\', \'50\', \'11-50\', \'5\')')
 2 SYSTEMPATH\Database\BaseConnection.php(648): CodeIgniter\Database\BaseConnection->simpleQuery('INSERT INTO `clientes` (`cliente_id`, `nombre`, `apellido`, `correo_electronico`, `calle_avenida`, `no_casa`, `zona`) VALUES (\'1501\', \'Alicia\', \'Martinez\', \'dfafad@dfalsdf.com\', \'50\', \'11-50\', \'5\')')
 3 SYSTEMPATH\Database\BaseBuilder.php(2332): CodeIgniter\Database\BaseConnection->query('INSERT INTO `clientes` (`cliente_id`, `nombre`, `apellido`, `correo_electronico`, `calle_avenida`, `no_casa`, `zona`) VALUES (:cliente_id:, :nombre:, :apellido:, :correo_electronico:, :calle_avenida:, :no_casa:, :zona:)', [...], false)
 4 SYSTEMPATH\Model.php(394): CodeIgniter\Database\BaseBuilder->insert()
 5 SYSTEMPATH\BaseModel.php(840): CodeIgniter\Model->doInsert([...])
 6 SYSTEMPATH\Model.php(802): CodeIgniter\BaseModel->insert([...], true)
 7 APPPATH\Controllers\ClientesController.php(34): CodeIgniter\Model->insert([...])
 8 SYSTEMPATH\CodeIgniter.php(933): App\Controllers\ClientesController->agregarCliente()
 9 SYSTEMPATH\CodeIgniter.php(509): CodeIgniter\CodeIgniter->runController(Object(App\Controllers\ClientesController))
10 SYSTEMPATH\CodeIgniter.php(355): CodeIgniter\CodeIgniter->handleRequest(null, Object(Config\Cache), false)
11 SYSTEMPATH\Boot.php(325): CodeIgniter\CodeIgniter->run()
12 SYSTEMPATH\Boot.php(67): CodeIgniter\Boot::runCodeIgniter(Object(CodeIgniter\CodeIgniter))
13 FCPATH\index.php(56): CodeIgniter\Boot::bootWeb(Object(Config\Paths))
CRITICAL - 2024-07-18 15:35:09 --> [Caused by] mysqli_sql_exception: Duplicate entry '1501' for key 'PRIMARY'
in SYSTEMPATH\Database\MySQLi\Connection.php on line 312.
 1 SYSTEMPATH\Database\MySQLi\Connection.php(312): mysqli->query('INSERT INTO `clientes` (`cliente_id`, `nombre`, `apellido`, `correo_electronico`, `calle_avenida`, `no_casa`, `zona`) VALUES (\'1501\', \'Alicia\', \'Martinez\', \'dfafad@dfalsdf.com\', \'50\', \'11-50\', \'5\')', 0)
 2 SYSTEMPATH\Database\BaseConnection.php(734): CodeIgniter\Database\MySQLi\Connection->execute('INSERT INTO `clientes` (`cliente_id`, `nombre`, `apellido`, `correo_electronico`, `calle_avenida`, `no_casa`, `zona`) VALUES (\'1501\', \'Alicia\', \'Martinez\', \'dfafad@dfalsdf.com\', \'50\', \'11-50\', \'5\')')
 3 SYSTEMPATH\Database\BaseConnection.php(648): CodeIgniter\Database\BaseConnection->simpleQuery('INSERT INTO `clientes` (`cliente_id`, `nombre`, `apellido`, `correo_electronico`, `calle_avenida`, `no_casa`, `zona`) VALUES (\'1501\', \'Alicia\', \'Martinez\', \'dfafad@dfalsdf.com\', \'50\', \'11-50\', \'5\')')
 4 SYSTEMPATH\Database\BaseBuilder.php(2332): CodeIgniter\Database\BaseConnection->query('INSERT INTO `clientes` (`cliente_id`, `nombre`, `apellido`, `correo_electronico`, `calle_avenida`, `no_casa`, `zona`) VALUES (:cliente_id:, :nombre:, :apellido:, :correo_electronico:, :calle_avenida:, :no_casa:, :zona:)', [...], false)
 5 SYSTEMPATH\Model.php(394): CodeIgniter\Database\BaseBuilder->insert()
 6 SYSTEMPATH\BaseModel.php(840): CodeIgniter\Model->doInsert([...])
 7 SYSTEMPATH\Model.php(802): CodeIgniter\BaseModel->insert([...], true)
 8 APPPATH\Controllers\ClientesController.php(34): CodeIgniter\Model->insert([...])
 9 SYSTEMPATH\CodeIgniter.php(933): App\Controllers\ClientesController->agregarCliente()
10 SYSTEMPATH\CodeIgniter.php(509): CodeIgniter\CodeIgniter->runController(Object(App\Controllers\ClientesController))
11 SYSTEMPATH\CodeIgniter.php(355): CodeIgniter\CodeIgniter->handleRequest(null, Object(Config\Cache), false)
12 SYSTEMPATH\Boot.php(325): CodeIgniter\CodeIgniter->run()
13 SYSTEMPATH\Boot.php(67): CodeIgniter\Boot::runCodeIgniter(Object(CodeIgniter\CodeIgniter))
14 FCPATH\index.php(56): CodeIgniter\Boot::bootWeb(Object(Config\Paths))
CRITICAL - 2024-07-18 16:56:25 --> ErrorException: Undefined variable $argvroutes
[Method: GET, Route: /]
in APPPATH\Config\Routes.php on line 20.
 1 APPPATH\Config\Routes.php(20): CodeIgniter\Debug\Exceptions->errorHandler(2, 'Undefined variable $argvroutes', 'C:\\xampp\\htdocs\\FS2024\\fs2024_telefonia\\app\\Config\\Routes.php', 20)
 2 SYSTEMPATH\Router\RouteCollection.php(340): require('C:\\xampp\\htdocs\\FS2024\\fs2024_telefonia\\app\\Config\\Routes.php')
 3 SYSTEMPATH\CodeIgniter.php(823): CodeIgniter\Router\RouteCollection->loadRoutes()
 4 SYSTEMPATH\CodeIgniter.php(457): CodeIgniter\CodeIgniter->tryToRouteIt(null)
 5 SYSTEMPATH\CodeIgniter.php(355): CodeIgniter\CodeIgniter->handleRequest(null, Object(Config\Cache), false)
 6 SYSTEMPATH\Boot.php(325): CodeIgniter\CodeIgniter->run()
 7 SYSTEMPATH\Boot.php(67): CodeIgniter\Boot::runCodeIgniter(Object(CodeIgniter\CodeIgniter))
 8 FCPATH\index.php(56): CodeIgniter\Boot::bootWeb(Object(Config\Paths))
ERROR - 2024-07-18 17:16:28 --> mysqli_sql_exception: Cannot add or update a child row: a foreign key constraint fails (`fs2024_telefonia`.`lineas_telefonicas`, CONSTRAINT `lineas_telefonicas_ibfk_1` FOREIGN KEY (`plan_id`) REFERENCES `planes` (`plan_id`) ON DELETE CASCADE ON UPDATE CASCADE) in C:\xampp\htdocs\FS2024\fs2024_telefonia\system\Database\MySQLi\Connection.php:312
Stack trace:
#0 C:\xampp\htdocs\FS2024\fs2024_telefonia\system\Database\MySQLi\Connection.php(312): mysqli->query('INSERT INTO `li...', 0)
#1 C:\xampp\htdocs\FS2024\fs2024_telefonia\system\Database\BaseConnection.php(734): CodeIgniter\Database\MySQLi\Connection->execute('INSERT INTO `li...')
#2 C:\xampp\htdocs\FS2024\fs2024_telefonia\system\Database\BaseConnection.php(648): CodeIgniter\Database\BaseConnection->simpleQuery('INSERT INTO `li...')
#3 C:\xampp\htdocs\FS2024\fs2024_telefonia\system\Database\BaseBuilder.php(2332): CodeIgniter\Database\BaseConnection->query('INSERT INTO `li...', Array, false)
#4 C:\xampp\htdocs\FS2024\fs2024_telefonia\system\Model.php(394): CodeIgniter\Database\BaseBuilder->insert()
#5 C:\xampp\htdocs\FS2024\fs2024_telefonia\system\BaseModel.php(840): CodeIgniter\Model->doInsert(Array)
#6 C:\xampp\htdocs\FS2024\fs2024_telefonia\system\Model.php(802): CodeIgniter\BaseModel->insert(Array, true)
#7 C:\xampp\htdocs\FS2024\fs2024_telefonia\app\Controllers\LineasTelefonicasController.php(32): CodeIgniter\Model->insert(Array)
#8 C:\xampp\htdocs\FS2024\fs2024_telefonia\system\CodeIgniter.php(933): App\Controllers\LineasTelefonicasController->agregarLineasTelefonicas()
#9 C:\xampp\htdocs\FS2024\fs2024_telefonia\system\CodeIgniter.php(509): CodeIgniter\CodeIgniter->runController(Object(App\Controllers\LineasTelefonicasController))
#10 C:\xampp\htdocs\FS2024\fs2024_telefonia\system\CodeIgniter.php(355): CodeIgniter\CodeIgniter->handleRequest(NULL, Object(Config\Cache), false)
#11 C:\xampp\htdocs\FS2024\fs2024_telefonia\system\Boot.php(325): CodeIgniter\CodeIgniter->run()
#12 C:\xampp\htdocs\FS2024\fs2024_telefonia\system\Boot.php(67): CodeIgniter\Boot::runCodeIgniter(Object(CodeIgniter\CodeIgniter))
#13 C:\xampp\htdocs\FS2024\fs2024_telefonia\public\index.php(56): CodeIgniter\Boot::bootWeb(Object(Config\Paths))
#14 {main}
CRITICAL - 2024-07-18 17:16:28 --> CodeIgniter\Database\Exceptions\DatabaseException: Cannot add or update a child row: a foreign key constraint fails (`fs2024_telefonia`.`lineas_telefonicas`, CONSTRAINT `lineas_telefonicas_ibfk_1` FOREIGN KEY (`plan_id`) REFERENCES `planes` (`plan_id`) ON DELETE CASCADE ON UPDATE CASCADE)
[Method: POST, Route: agregar_lineastelefonicas]
in SYSTEMPATH\Database\BaseConnection.php on line 688.
 1 SYSTEMPATH\Database\BaseBuilder.php(2332): CodeIgniter\Database\BaseConnection->query('INSERT INTO `lineas_telefonicas` (`no_telefono`, `fecha_pago`, `meses_atraso`, `plan_id`, `cliente_id`) VALUES (:no_telefono:, :fecha_pago:, :meses_atraso:, :plan_id:, :cliente_id:)', [...], false)
 2 SYSTEMPATH\Model.php(394): CodeIgniter\Database\BaseBuilder->insert()
 3 SYSTEMPATH\BaseModel.php(840): CodeIgniter\Model->doInsert([...])
 4 SYSTEMPATH\Model.php(802): CodeIgniter\BaseModel->insert([...], true)
 5 APPPATH\Controllers\LineasTelefonicasController.php(32): CodeIgniter\Model->insert([...])
 6 SYSTEMPATH\CodeIgniter.php(933): App\Controllers\LineasTelefonicasController->agregarLineasTelefonicas()
 7 SYSTEMPATH\CodeIgniter.php(509): CodeIgniter\CodeIgniter->runController(Object(App\Controllers\LineasTelefonicasController))
 8 SYSTEMPATH\CodeIgniter.php(355): CodeIgniter\CodeIgniter->handleRequest(null, Object(Config\Cache), false)
 9 SYSTEMPATH\Boot.php(325): CodeIgniter\CodeIgniter->run()
10 SYSTEMPATH\Boot.php(67): CodeIgniter\Boot::runCodeIgniter(Object(CodeIgniter\CodeIgniter))
11 FCPATH\index.php(56): CodeIgniter\Boot::bootWeb(Object(Config\Paths))
CRITICAL - 2024-07-18 17:16:28 --> [Caused by] CodeIgniter\Database\Exceptions\DatabaseException: Cannot add or update a child row: a foreign key constraint fails (`fs2024_telefonia`.`lineas_telefonicas`, CONSTRAINT `lineas_telefonicas_ibfk_1` FOREIGN KEY (`plan_id`) REFERENCES `planes` (`plan_id`) ON DELETE CASCADE ON UPDATE CASCADE)
in SYSTEMPATH\Database\MySQLi\Connection.php on line 317.
 1 SYSTEMPATH\Database\BaseConnection.php(734): CodeIgniter\Database\MySQLi\Connection->execute('INSERT INTO `lineas_telefonicas` (`no_telefono`, `fecha_pago`, `meses_atraso`, `plan_id`, `cliente_id`) VALUES (\'16152\', \'2010-07-12\', \'5\', \'626\', \'646\')')
 2 SYSTEMPATH\Database\BaseConnection.php(648): CodeIgniter\Database\BaseConnection->simpleQuery('INSERT INTO `lineas_telefonicas` (`no_telefono`, `fecha_pago`, `meses_atraso`, `plan_id`, `cliente_id`) VALUES (\'16152\', \'2010-07-12\', \'5\', \'626\', \'646\')')
 3 SYSTEMPATH\Database\BaseBuilder.php(2332): CodeIgniter\Database\BaseConnection->query('INSERT INTO `lineas_telefonicas` (`no_telefono`, `fecha_pago`, `meses_atraso`, `plan_id`, `cliente_id`) VALUES (:no_telefono:, :fecha_pago:, :meses_atraso:, :plan_id:, :cliente_id:)', [...], false)
 4 SYSTEMPATH\Model.php(394): CodeIgniter\Database\BaseBuilder->insert()
 5 SYSTEMPATH\BaseModel.php(840): CodeIgniter\Model->doInsert([...])
 6 SYSTEMPATH\Model.php(802): CodeIgniter\BaseModel->insert([...], true)
 7 APPPATH\Controllers\LineasTelefonicasController.php(32): CodeIgniter\Model->insert([...])
 8 SYSTEMPATH\CodeIgniter.php(933): App\Controllers\LineasTelefonicasController->agregarLineasTelefonicas()
 9 SYSTEMPATH\CodeIgniter.php(509): CodeIgniter\CodeIgniter->runController(Object(App\Controllers\LineasTelefonicasController))
10 SYSTEMPATH\CodeIgniter.php(355): CodeIgniter\CodeIgniter->handleRequest(null, Object(Config\Cache), false)
11 SYSTEMPATH\Boot.php(325): CodeIgniter\CodeIgniter->run()
12 SYSTEMPATH\Boot.php(67): CodeIgniter\Boot::runCodeIgniter(Object(CodeIgniter\CodeIgniter))
13 FCPATH\index.php(56): CodeIgniter\Boot::bootWeb(Object(Config\Paths))
CRITICAL - 2024-07-18 17:16:28 --> [Caused by] mysqli_sql_exception: Cannot add or update a child row: a foreign key constraint fails (`fs2024_telefonia`.`lineas_telefonicas`, CONSTRAINT `lineas_telefonicas_ibfk_1` FOREIGN KEY (`plan_id`) REFERENCES `planes` (`plan_id`) ON DELETE CASCADE ON UPDATE CASCADE)
in SYSTEMPATH\Database\MySQLi\Connection.php on line 312.
 1 SYSTEMPATH\Database\MySQLi\Connection.php(312): mysqli->query('INSERT INTO `lineas_telefonicas` (`no_telefono`, `fecha_pago`, `meses_atraso`, `plan_id`, `cliente_id`) VALUES (\'16152\', \'2010-07-12\', \'5\', \'626\', \'646\')', 0)
 2 SYSTEMPATH\Database\BaseConnection.php(734): CodeIgniter\Database\MySQLi\Connection->execute('INSERT INTO `lineas_telefonicas` (`no_telefono`, `fecha_pago`, `meses_atraso`, `plan_id`, `cliente_id`) VALUES (\'16152\', \'2010-07-12\', \'5\', \'626\', \'646\')')
 3 SYSTEMPATH\Database\BaseConnection.php(648): CodeIgniter\Database\BaseConnection->simpleQuery('INSERT INTO `lineas_telefonicas` (`no_telefono`, `fecha_pago`, `meses_atraso`, `plan_id`, `cliente_id`) VALUES (\'16152\', \'2010-07-12\', \'5\', \'626\', \'646\')')
 4 SYSTEMPATH\Database\BaseBuilder.php(2332): CodeIgniter\Database\BaseConnection->query('INSERT INTO `lineas_telefonicas` (`no_telefono`, `fecha_pago`, `meses_atraso`, `plan_id`, `cliente_id`) VALUES (:no_telefono:, :fecha_pago:, :meses_atraso:, :plan_id:, :cliente_id:)', [...], false)
 5 SYSTEMPATH\Model.php(394): CodeIgniter\Database\BaseBuilder->insert()
 6 SYSTEMPATH\BaseModel.php(840): CodeIgniter\Model->doInsert([...])
 7 SYSTEMPATH\Model.php(802): CodeIgniter\BaseModel->insert([...], true)
 8 APPPATH\Controllers\LineasTelefonicasController.php(32): CodeIgniter\Model->insert([...])
 9 SYSTEMPATH\CodeIgniter.php(933): App\Controllers\LineasTelefonicasController->agregarLineasTelefonicas()
10 SYSTEMPATH\CodeIgniter.php(509): CodeIgniter\CodeIgniter->runController(Object(App\Controllers\LineasTelefonicasController))
11 SYSTEMPATH\CodeIgniter.php(355): CodeIgniter\CodeIgniter->handleRequest(null, Object(Config\Cache), false)
12 SYSTEMPATH\Boot.php(325): CodeIgniter\CodeIgniter->run()
13 SYSTEMPATH\Boot.php(67): CodeIgniter\Boot::runCodeIgniter(Object(CodeIgniter\CodeIgniter))
14 FCPATH\index.php(56): CodeIgniter\Boot::bootWeb(Object(Config\Paths))
ERROR - 2024-07-18 17:36:05 --> mysqli_sql_exception: Duplicate entry '55454' for key 'PRIMARY' in C:\xampp\htdocs\FS2024\fs2024_telefonia\system\Database\MySQLi\Connection.php:312
Stack trace:
#0 C:\xampp\htdocs\FS2024\fs2024_telefonia\system\Database\MySQLi\Connection.php(312): mysqli->query('INSERT INTO `cl...', 0)
#1 C:\xampp\htdocs\FS2024\fs2024_telefonia\system\Database\BaseConnection.php(734): CodeIgniter\Database\MySQLi\Connection->execute('INSERT INTO `cl...')
#2 C:\xampp\htdocs\FS2024\fs2024_telefonia\system\Database\BaseConnection.php(648): CodeIgniter\Database\BaseConnection->simpleQuery('INSERT INTO `cl...')
#3 C:\xampp\htdocs\FS2024\fs2024_telefonia\system\Database\BaseBuilder.php(2332): CodeIgniter\Database\BaseConnection->query('INSERT INTO `cl...', Array, false)
#4 C:\xampp\htdocs\FS2024\fs2024_telefonia\system\Model.php(394): CodeIgniter\Database\BaseBuilder->insert()
#5 C:\xampp\htdocs\FS2024\fs2024_telefonia\system\BaseModel.php(840): CodeIgniter\Model->doInsert(Array)
#6 C:\xampp\htdocs\FS2024\fs2024_telefonia\system\Model.php(802): CodeIgniter\BaseModel->insert(Array, true)
#7 C:\xampp\htdocs\FS2024\fs2024_telefonia\app\Controllers\ClientesController.php(35): CodeIgniter\Model->insert(Array)
#8 C:\xampp\htdocs\FS2024\fs2024_telefonia\system\CodeIgniter.php(933): App\Controllers\ClientesController->agregarCliente()
#9 C:\xampp\htdocs\FS2024\fs2024_telefonia\system\CodeIgniter.php(509): CodeIgniter\CodeIgniter->runController(Object(App\Controllers\ClientesController))
#10 C:\xampp\htdocs\FS2024\fs2024_telefonia\system\CodeIgniter.php(355): CodeIgniter\CodeIgniter->handleRequest(NULL, Object(Config\Cache), false)
#11 C:\xampp\htdocs\FS2024\fs2024_telefonia\system\Boot.php(325): CodeIgniter\CodeIgniter->run()
#12 C:\xampp\htdocs\FS2024\fs2024_telefonia\system\Boot.php(67): CodeIgniter\Boot::runCodeIgniter(Object(CodeIgniter\CodeIgniter))
#13 C:\xampp\htdocs\FS2024\fs2024_telefonia\public\index.php(56): CodeIgniter\Boot::bootWeb(Object(Config\Paths))
#14 {main}
CRITICAL - 2024-07-18 17:36:05 --> CodeIgniter\Database\Exceptions\DatabaseException: Duplicate entry '55454' for key 'PRIMARY'
[Method: POST, Route: agregar_cliente]
in SYSTEMPATH\Database\BaseConnection.php on line 688.
 1 SYSTEMPATH\Database\BaseBuilder.php(2332): CodeIgniter\Database\BaseConnection->query('INSERT INTO `clientes` (`cliente_id`, `nombre`, `apellido`, `correo_electronico`, `calle_avenida`, `no_casa`, `zona`) VALUES (:cliente_id:, :nombre:, :apellido:, :correo_electronico:, :calle_avenida:, :no_casa:, :zona:)', [...], false)
 2 SYSTEMPATH\Model.php(394): CodeIgniter\Database\BaseBuilder->insert()
 3 SYSTEMPATH\BaseModel.php(840): CodeIgniter\Model->doInsert([...])
 4 SYSTEMPATH\Model.php(802): CodeIgniter\BaseModel->insert([...], true)
 5 APPPATH\Controllers\ClientesController.php(35): CodeIgniter\Model->insert([...])
 6 SYSTEMPATH\CodeIgniter.php(933): App\Controllers\ClientesController->agregarCliente()
 7 SYSTEMPATH\CodeIgniter.php(509): CodeIgniter\CodeIgniter->runController(Object(App\Controllers\ClientesController))
 8 SYSTEMPATH\CodeIgniter.php(355): CodeIgniter\CodeIgniter->handleRequest(null, Object(Config\Cache), false)
 9 SYSTEMPATH\Boot.php(325): CodeIgniter\CodeIgniter->run()
10 SYSTEMPATH\Boot.php(67): CodeIgniter\Boot::runCodeIgniter(Object(CodeIgniter\CodeIgniter))
11 FCPATH\index.php(56): CodeIgniter\Boot::bootWeb(Object(Config\Paths))
CRITICAL - 2024-07-18 17:36:05 --> [Caused by] CodeIgniter\Database\Exceptions\DatabaseException: Duplicate entry '55454' for key 'PRIMARY'
in SYSTEMPATH\Database\MySQLi\Connection.php on line 317.
 1 SYSTEMPATH\Database\BaseConnection.php(734): CodeIgniter\Database\MySQLi\Connection->execute('INSERT INTO `clientes` (`cliente_id`, `nombre`, `apellido`, `correo_electronico`, `calle_avenida`, `no_casa`, `zona`) VALUES (\'55454\', \'Daylin\', \'Martinez\', \'dfafad@dfalsdf.com\', \'sdfadf\', \'asdf\', \'5\')')
 2 SYSTEMPATH\Database\BaseConnection.php(648): CodeIgniter\Database\BaseConnection->simpleQuery('INSERT INTO `clientes` (`cliente_id`, `nombre`, `apellido`, `correo_electronico`, `calle_avenida`, `no_casa`, `zona`) VALUES (\'55454\', \'Daylin\', \'Martinez\', \'dfafad@dfalsdf.com\', \'sdfadf\', \'asdf\', \'5\')')
 3 SYSTEMPATH\Database\BaseBuilder.php(2332): CodeIgniter\Database\BaseConnection->query('INSERT INTO `clientes` (`cliente_id`, `nombre`, `apellido`, `correo_electronico`, `calle_avenida`, `no_casa`, `zona`) VALUES (:cliente_id:, :nombre:, :apellido:, :correo_electronico:, :calle_avenida:, :no_casa:, :zona:)', [...], false)
 4 SYSTEMPATH\Model.php(394): CodeIgniter\Database\BaseBuilder->insert()
 5 SYSTEMPATH\BaseModel.php(840): CodeIgniter\Model->doInsert([...])
 6 SYSTEMPATH\Model.php(802): CodeIgniter\BaseModel->insert([...], true)
 7 APPPATH\Controllers\ClientesController.php(35): CodeIgniter\Model->insert([...])
 8 SYSTEMPATH\CodeIgniter.php(933): App\Controllers\ClientesController->agregarCliente()
 9 SYSTEMPATH\CodeIgniter.php(509): CodeIgniter\CodeIgniter->runController(Object(App\Controllers\ClientesController))
10 SYSTEMPATH\CodeIgniter.php(355): CodeIgniter\CodeIgniter->handleRequest(null, Object(Config\Cache), false)
11 SYSTEMPATH\Boot.php(325): CodeIgniter\CodeIgniter->run()
12 SYSTEMPATH\Boot.php(67): CodeIgniter\Boot::runCodeIgniter(Object(CodeIgniter\CodeIgniter))
13 FCPATH\index.php(56): CodeIgniter\Boot::bootWeb(Object(Config\Paths))
CRITICAL - 2024-07-18 17:36:05 --> [Caused by] mysqli_sql_exception: Duplicate entry '55454' for key 'PRIMARY'
in SYSTEMPATH\Database\MySQLi\Connection.php on line 312.
 1 SYSTEMPATH\Database\MySQLi\Connection.php(312): mysqli->query('INSERT INTO `clientes` (`cliente_id`, `nombre`, `apellido`, `correo_electronico`, `calle_avenida`, `no_casa`, `zona`) VALUES (\'55454\', \'Daylin\', \'Martinez\', \'dfafad@dfalsdf.com\', \'sdfadf\', \'asdf\', \'5\')', 0)
 2 SYSTEMPATH\Database\BaseConnection.php(734): CodeIgniter\Database\MySQLi\Connection->execute('INSERT INTO `clientes` (`cliente_id`, `nombre`, `apellido`, `correo_electronico`, `calle_avenida`, `no_casa`, `zona`) VALUES (\'55454\', \'Daylin\', \'Martinez\', \'dfafad@dfalsdf.com\', \'sdfadf\', \'asdf\', \'5\')')
 3 SYSTEMPATH\Database\BaseConnection.php(648): CodeIgniter\Database\BaseConnection->simpleQuery('INSERT INTO `clientes` (`cliente_id`, `nombre`, `apellido`, `correo_electronico`, `calle_avenida`, `no_casa`, `zona`) VALUES (\'55454\', \'Daylin\', \'Martinez\', \'dfafad@dfalsdf.com\', \'sdfadf\', \'asdf\', \'5\')')
 4 SYSTEMPATH\Database\BaseBuilder.php(2332): CodeIgniter\Database\BaseConnection->query('INSERT INTO `clientes` (`cliente_id`, `nombre`, `apellido`, `correo_electronico`, `calle_avenida`, `no_casa`, `zona`) VALUES (:cliente_id:, :nombre:, :apellido:, :correo_electronico:, :calle_avenida:, :no_casa:, :zona:)', [...], false)
 5 SYSTEMPATH\Model.php(394): CodeIgniter\Database\BaseBuilder->insert()
 6 SYSTEMPATH\BaseModel.php(840): CodeIgniter\Model->doInsert([...])
 7 SYSTEMPATH\Model.php(802): CodeIgniter\BaseModel->insert([...], true)
 8 APPPATH\Controllers\ClientesController.php(35): CodeIgniter\Model->insert([...])
 9 SYSTEMPATH\CodeIgniter.php(933): App\Controllers\ClientesController->agregarCliente()
10 SYSTEMPATH\CodeIgniter.php(509): CodeIgniter\CodeIgniter->runController(Object(App\Controllers\ClientesController))
11 SYSTEMPATH\CodeIgniter.php(355): CodeIgniter\CodeIgniter->handleRequest(null, Object(Config\Cache), false)
12 SYSTEMPATH\Boot.php(325): CodeIgniter\CodeIgniter->run()
13 SYSTEMPATH\Boot.php(67): CodeIgniter\Boot::runCodeIgniter(Object(CodeIgniter\CodeIgniter))
14 FCPATH\index.php(56): CodeIgniter\Boot::bootWeb(Object(Config\Paths))
ERROR - 2024-07-18 17:37:48 --> mysqli_sql_exception: Duplicate entry '875' for key 'PRIMARY' in C:\xampp\htdocs\FS2024\fs2024_telefonia\system\Database\MySQLi\Connection.php:312
Stack trace:
#0 C:\xampp\htdocs\FS2024\fs2024_telefonia\system\Database\MySQLi\Connection.php(312): mysqli->query('INSERT INTO `pl...', 0)
#1 C:\xampp\htdocs\FS2024\fs2024_telefonia\system\Database\BaseConnection.php(734): CodeIgniter\Database\MySQLi\Connection->execute('INSERT INTO `pl...')
#2 C:\xampp\htdocs\FS2024\fs2024_telefonia\system\Database\BaseConnection.php(648): CodeIgniter\Database\BaseConnection->simpleQuery('INSERT INTO `pl...')
#3 C:\xampp\htdocs\FS2024\fs2024_telefonia\system\Database\BaseBuilder.php(2332): CodeIgniter\Database\BaseConnection->query('INSERT INTO `pl...', Array, false)
#4 C:\xampp\htdocs\FS2024\fs2024_telefonia\system\Model.php(394): CodeIgniter\Database\BaseBuilder->insert()
#5 C:\xampp\htdocs\FS2024\fs2024_telefonia\system\BaseModel.php(840): CodeIgniter\Model->doInsert(Array)
#6 C:\xampp\htdocs\FS2024\fs2024_telefonia\system\Model.php(802): CodeIgniter\BaseModel->insert(Array, true)
#7 C:\xampp\htdocs\FS2024\fs2024_telefonia\app\Controllers\PlanesController.php(44): CodeIgniter\Model->insert(Array)
#8 C:\xampp\htdocs\FS2024\fs2024_telefonia\system\CodeIgniter.php(933): App\Controllers\PlanesController->agregarPlan()
#9 C:\xampp\htdocs\FS2024\fs2024_telefonia\system\CodeIgniter.php(509): CodeIgniter\CodeIgniter->runController(Object(App\Controllers\PlanesController))
#10 C:\xampp\htdocs\FS2024\fs2024_telefonia\system\CodeIgniter.php(355): CodeIgniter\CodeIgniter->handleRequest(NULL, Object(Config\Cache), false)
#11 C:\xampp\htdocs\FS2024\fs2024_telefonia\system\Boot.php(325): CodeIgniter\CodeIgniter->run()
#12 C:\xampp\htdocs\FS2024\fs2024_telefonia\system\Boot.php(67): CodeIgniter\Boot::runCodeIgniter(Object(CodeIgniter\CodeIgniter))
#13 C:\xampp\htdocs\FS2024\fs2024_telefonia\public\index.php(56): CodeIgniter\Boot::bootWeb(Object(Config\Paths))
#14 {main}
CRITICAL - 2024-07-18 17:37:48 --> CodeIgniter\Database\Exceptions\DatabaseException: Duplicate entry '875' for key 'PRIMARY'
[Method: POST, Route: agregar_plan]
in SYSTEMPATH\Database\BaseConnection.php on line 688.
 1 SYSTEMPATH\Database\BaseBuilder.php(2332): CodeIgniter\Database\BaseConnection->query('INSERT INTO `planes` (`plan_id`, `nombre`, `pago_mensual`, `cantidad_minutos`, `cantidad_mensajes`) VALUES (:plan_id:, :nombre:, :pago_mensual:, :cantidad_minutos:, :cantidad_mensajes:)', [...], false)
 2 SYSTEMPATH\Model.php(394): CodeIgniter\Database\BaseBuilder->insert()
 3 SYSTEMPATH\BaseModel.php(840): CodeIgniter\Model->doInsert([...])
 4 SYSTEMPATH\Model.php(802): CodeIgniter\BaseModel->insert([...], true)
 5 APPPATH\Controllers\PlanesController.php(44): CodeIgniter\Model->insert([...])
 6 SYSTEMPATH\CodeIgniter.php(933): App\Controllers\PlanesController->agregarPlan()
 7 SYSTEMPATH\CodeIgniter.php(509): CodeIgniter\CodeIgniter->runController(Object(App\Controllers\PlanesController))
 8 SYSTEMPATH\CodeIgniter.php(355): CodeIgniter\CodeIgniter->handleRequest(null, Object(Config\Cache), false)
 9 SYSTEMPATH\Boot.php(325): CodeIgniter\CodeIgniter->run()
10 SYSTEMPATH\Boot.php(67): CodeIgniter\Boot::runCodeIgniter(Object(CodeIgniter\CodeIgniter))
11 FCPATH\index.php(56): CodeIgniter\Boot::bootWeb(Object(Config\Paths))
CRITICAL - 2024-07-18 17:37:48 --> [Caused by] CodeIgniter\Database\Exceptions\DatabaseException: Duplicate entry '875' for key 'PRIMARY'
in SYSTEMPATH\Database\MySQLi\Connection.php on line 317.
 1 SYSTEMPATH\Database\BaseConnection.php(734): CodeIgniter\Database\MySQLi\Connection->execute('INSERT INTO `planes` (`plan_id`, `nombre`, `pago_mensual`, `cantidad_minutos`, `cantidad_mensajes`) VALUES (\'875\', \'Daylin\', \'5000\', \'6352\', \'442\')')
 2 SYSTEMPATH\Database\BaseConnection.php(648): CodeIgniter\Database\BaseConnection->simpleQuery('INSERT INTO `planes` (`plan_id`, `nombre`, `pago_mensual`, `cantidad_minutos`, `cantidad_mensajes`) VALUES (\'875\', \'Daylin\', \'5000\', \'6352\', \'442\')')
 3 SYSTEMPATH\Database\BaseBuilder.php(2332): CodeIgniter\Database\BaseConnection->query('INSERT INTO `planes` (`plan_id`, `nombre`, `pago_mensual`, `cantidad_minutos`, `cantidad_mensajes`) VALUES (:plan_id:, :nombre:, :pago_mensual:, :cantidad_minutos:, :cantidad_mensajes:)', [...], false)
 4 SYSTEMPATH\Model.php(394): CodeIgniter\Database\BaseBuilder->insert()
 5 SYSTEMPATH\BaseModel.php(840): CodeIgniter\Model->doInsert([...])
 6 SYSTEMPATH\Model.php(802): CodeIgniter\BaseModel->insert([...], true)
 7 APPPATH\Controllers\PlanesController.php(44): CodeIgniter\Model->insert([...])
 8 SYSTEMPATH\CodeIgniter.php(933): App\Controllers\PlanesController->agregarPlan()
 9 SYSTEMPATH\CodeIgniter.php(509): CodeIgniter\CodeIgniter->runController(Object(App\Controllers\PlanesController))
10 SYSTEMPATH\CodeIgniter.php(355): CodeIgniter\CodeIgniter->handleRequest(null, Object(Config\Cache), false)
11 SYSTEMPATH\Boot.php(325): CodeIgniter\CodeIgniter->run()
12 SYSTEMPATH\Boot.php(67): CodeIgniter\Boot::runCodeIgniter(Object(CodeIgniter\CodeIgniter))
13 FCPATH\index.php(56): CodeIgniter\Boot::bootWeb(Object(Config\Paths))
CRITICAL - 2024-07-18 17:37:48 --> [Caused by] mysqli_sql_exception: Duplicate entry '875' for key 'PRIMARY'
in SYSTEMPATH\Database\MySQLi\Connection.php on line 312.
 1 SYSTEMPATH\Database\MySQLi\Connection.php(312): mysqli->query('INSERT INTO `planes` (`plan_id`, `nombre`, `pago_mensual`, `cantidad_minutos`, `cantidad_mensajes`) VALUES (\'875\', \'Daylin\', \'5000\', \'6352\', \'442\')', 0)
 2 SYSTEMPATH\Database\BaseConnection.php(734): CodeIgniter\Database\MySQLi\Connection->execute('INSERT INTO `planes` (`plan_id`, `nombre`, `pago_mensual`, `cantidad_minutos`, `cantidad_mensajes`) VALUES (\'875\', \'Daylin\', \'5000\', \'6352\', \'442\')')
 3 SYSTEMPATH\Database\BaseConnection.php(648): CodeIgniter\Database\BaseConnection->simpleQuery('INSERT INTO `planes` (`plan_id`, `nombre`, `pago_mensual`, `cantidad_minutos`, `cantidad_mensajes`) VALUES (\'875\', \'Daylin\', \'5000\', \'6352\', \'442\')')
 4 SYSTEMPATH\Database\BaseBuilder.php(2332): CodeIgniter\Database\BaseConnection->query('INSERT INTO `planes` (`plan_id`, `nombre`, `pago_mensual`, `cantidad_minutos`, `cantidad_mensajes`) VALUES (:plan_id:, :nombre:, :pago_mensual:, :cantidad_minutos:, :cantidad_mensajes:)', [...], false)
 5 SYSTEMPATH\Model.php(394): CodeIgniter\Database\BaseBuilder->insert()
 6 SYSTEMPATH\BaseModel.php(840): CodeIgniter\Model->doInsert([...])
 7 SYSTEMPATH\Model.php(802): CodeIgniter\BaseModel->insert([...], true)
 8 APPPATH\Controllers\PlanesController.php(44): CodeIgniter\Model->insert([...])
 9 SYSTEMPATH\CodeIgniter.php(933): App\Controllers\PlanesController->agregarPlan()
10 SYSTEMPATH\CodeIgniter.php(509): CodeIgniter\CodeIgniter->runController(Object(App\Controllers\PlanesController))
11 SYSTEMPATH\CodeIgniter.php(355): CodeIgniter\CodeIgniter->handleRequest(null, Object(Config\Cache), false)
12 SYSTEMPATH\Boot.php(325): CodeIgniter\CodeIgniter->run()
13 SYSTEMPATH\Boot.php(67): CodeIgniter\Boot::runCodeIgniter(Object(CodeIgniter\CodeIgniter))
14 FCPATH\index.php(56): CodeIgniter\Boot::bootWeb(Object(Config\Paths))
ERROR - 2024-07-18 17:40:47 --> mysqli_sql_exception: Duplicate entry '875' for key 'PRIMARY' in C:\xampp\htdocs\FS2024\fs2024_telefonia\system\Database\MySQLi\Connection.php:312
Stack trace:
#0 C:\xampp\htdocs\FS2024\fs2024_telefonia\system\Database\MySQLi\Connection.php(312): mysqli->query('INSERT INTO `pl...', 0)
#1 C:\xampp\htdocs\FS2024\fs2024_telefonia\system\Database\BaseConnection.php(734): CodeIgniter\Database\MySQLi\Connection->execute('INSERT INTO `pl...')
#2 C:\xampp\htdocs\FS2024\fs2024_telefonia\system\Database\BaseConnection.php(648): CodeIgniter\Database\BaseConnection->simpleQuery('INSERT INTO `pl...')
#3 C:\xampp\htdocs\FS2024\fs2024_telefonia\system\Database\BaseBuilder.php(2332): CodeIgniter\Database\BaseConnection->query('INSERT INTO `pl...', Array, false)
#4 C:\xampp\htdocs\FS2024\fs2024_telefonia\system\Model.php(394): CodeIgniter\Database\BaseBuilder->insert()
#5 C:\xampp\htdocs\FS2024\fs2024_telefonia\system\BaseModel.php(840): CodeIgniter\Model->doInsert(Array)
#6 C:\xampp\htdocs\FS2024\fs2024_telefonia\system\Model.php(802): CodeIgniter\BaseModel->insert(Array, true)
#7 C:\xampp\htdocs\FS2024\fs2024_telefonia\app\Controllers\PlanesController.php(44): CodeIgniter\Model->insert(Array)
#8 C:\xampp\htdocs\FS2024\fs2024_telefonia\system\CodeIgniter.php(933): App\Controllers\PlanesController->agregarPlan()
#9 C:\xampp\htdocs\FS2024\fs2024_telefonia\system\CodeIgniter.php(509): CodeIgniter\CodeIgniter->runController(Object(App\Controllers\PlanesController))
#10 C:\xampp\htdocs\FS2024\fs2024_telefonia\system\CodeIgniter.php(355): CodeIgniter\CodeIgniter->handleRequest(NULL, Object(Config\Cache), false)
#11 C:\xampp\htdocs\FS2024\fs2024_telefonia\system\Boot.php(325): CodeIgniter\CodeIgniter->run()
#12 C:\xampp\htdocs\FS2024\fs2024_telefonia\system\Boot.php(67): CodeIgniter\Boot::runCodeIgniter(Object(CodeIgniter\CodeIgniter))
#13 C:\xampp\htdocs\FS2024\fs2024_telefonia\public\index.php(56): CodeIgniter\Boot::bootWeb(Object(Config\Paths))
#14 {main}
CRITICAL - 2024-07-18 17:40:47 --> CodeIgniter\Database\Exceptions\DatabaseException: Duplicate entry '875' for key 'PRIMARY'
[Method: POST, Route: agregar_plan]
in SYSTEMPATH\Database\BaseConnection.php on line 688.
 1 SYSTEMPATH\Database\BaseBuilder.php(2332): CodeIgniter\Database\BaseConnection->query('INSERT INTO `planes` (`plan_id`, `nombre`, `pago_mensual`, `cantidad_minutos`, `cantidad_mensajes`) VALUES (:plan_id:, :nombre:, :pago_mensual:, :cantidad_minutos:, :cantidad_mensajes:)', [...], false)
 2 SYSTEMPATH\Model.php(394): CodeIgniter\Database\BaseBuilder->insert()
 3 SYSTEMPATH\BaseModel.php(840): CodeIgniter\Model->doInsert([...])
 4 SYSTEMPATH\Model.php(802): CodeIgniter\BaseModel->insert([...], true)
 5 APPPATH\Controllers\PlanesController.php(44): CodeIgniter\Model->insert([...])
 6 SYSTEMPATH\CodeIgniter.php(933): App\Controllers\PlanesController->agregarPlan()
 7 SYSTEMPATH\CodeIgniter.php(509): CodeIgniter\CodeIgniter->runController(Object(App\Controllers\PlanesController))
 8 SYSTEMPATH\CodeIgniter.php(355): CodeIgniter\CodeIgniter->handleRequest(null, Object(Config\Cache), false)
 9 SYSTEMPATH\Boot.php(325): CodeIgniter\CodeIgniter->run()
10 SYSTEMPATH\Boot.php(67): CodeIgniter\Boot::runCodeIgniter(Object(CodeIgniter\CodeIgniter))
11 FCPATH\index.php(56): CodeIgniter\Boot::bootWeb(Object(Config\Paths))
CRITICAL - 2024-07-18 17:40:47 --> [Caused by] CodeIgniter\Database\Exceptions\DatabaseException: Duplicate entry '875' for key 'PRIMARY'
in SYSTEMPATH\Database\MySQLi\Connection.php on line 317.
 1 SYSTEMPATH\Database\BaseConnection.php(734): CodeIgniter\Database\MySQLi\Connection->execute('INSERT INTO `planes` (`plan_id`, `nombre`, `pago_mensual`, `cantidad_minutos`, `cantidad_mensajes`) VALUES (\'875\', \'Alicia\', \'5000\', \'444\', \'555\')')
 2 SYSTEMPATH\Database\BaseConnection.php(648): CodeIgniter\Database\BaseConnection->simpleQuery('INSERT INTO `planes` (`plan_id`, `nombre`, `pago_mensual`, `cantidad_minutos`, `cantidad_mensajes`) VALUES (\'875\', \'Alicia\', \'5000\', \'444\', \'555\')')
 3 SYSTEMPATH\Database\BaseBuilder.php(2332): CodeIgniter\Database\BaseConnection->query('INSERT INTO `planes` (`plan_id`, `nombre`, `pago_mensual`, `cantidad_minutos`, `cantidad_mensajes`) VALUES (:plan_id:, :nombre:, :pago_mensual:, :cantidad_minutos:, :cantidad_mensajes:)', [...], false)
 4 SYSTEMPATH\Model.php(394): CodeIgniter\Database\BaseBuilder->insert()
 5 SYSTEMPATH\BaseModel.php(840): CodeIgniter\Model->doInsert([...])
 6 SYSTEMPATH\Model.php(802): CodeIgniter\BaseModel->insert([...], true)
 7 APPPATH\Controllers\PlanesController.php(44): CodeIgniter\Model->insert([...])
 8 SYSTEMPATH\CodeIgniter.php(933): App\Controllers\PlanesController->agregarPlan()
 9 SYSTEMPATH\CodeIgniter.php(509): CodeIgniter\CodeIgniter->runController(Object(App\Controllers\PlanesController))
10 SYSTEMPATH\CodeIgniter.php(355): CodeIgniter\CodeIgniter->handleRequest(null, Object(Config\Cache), false)
11 SYSTEMPATH\Boot.php(325): CodeIgniter\CodeIgniter->run()
12 SYSTEMPATH\Boot.php(67): CodeIgniter\Boot::runCodeIgniter(Object(CodeIgniter\CodeIgniter))
13 FCPATH\index.php(56): CodeIgniter\Boot::bootWeb(Object(Config\Paths))
CRITICAL - 2024-07-18 17:40:47 --> [Caused by] mysqli_sql_exception: Duplicate entry '875' for key 'PRIMARY'
in SYSTEMPATH\Database\MySQLi\Connection.php on line 312.
 1 SYSTEMPATH\Database\MySQLi\Connection.php(312): mysqli->query('INSERT INTO `planes` (`plan_id`, `nombre`, `pago_mensual`, `cantidad_minutos`, `cantidad_mensajes`) VALUES (\'875\', \'Alicia\', \'5000\', \'444\', \'555\')', 0)
 2 SYSTEMPATH\Database\BaseConnection.php(734): CodeIgniter\Database\MySQLi\Connection->execute('INSERT INTO `planes` (`plan_id`, `nombre`, `pago_mensual`, `cantidad_minutos`, `cantidad_mensajes`) VALUES (\'875\', \'Alicia\', \'5000\', \'444\', \'555\')')
 3 SYSTEMPATH\Database\BaseConnection.php(648): CodeIgniter\Database\BaseConnection->simpleQuery('INSERT INTO `planes` (`plan_id`, `nombre`, `pago_mensual`, `cantidad_minutos`, `cantidad_mensajes`) VALUES (\'875\', \'Alicia\', \'5000\', \'444\', \'555\')')
 4 SYSTEMPATH\Database\BaseBuilder.php(2332): CodeIgniter\Database\BaseConnection->query('INSERT INTO `planes` (`plan_id`, `nombre`, `pago_mensual`, `cantidad_minutos`, `cantidad_mensajes`) VALUES (:plan_id:, :nombre:, :pago_mensual:, :cantidad_minutos:, :cantidad_mensajes:)', [...], false)
 5 SYSTEMPATH\Model.php(394): CodeIgniter\Database\BaseBuilder->insert()
 6 SYSTEMPATH\BaseModel.php(840): CodeIgniter\Model->doInsert([...])
 7 SYSTEMPATH\Model.php(802): CodeIgniter\BaseModel->insert([...], true)
 8 APPPATH\Controllers\PlanesController.php(44): CodeIgniter\Model->insert([...])
 9 SYSTEMPATH\CodeIgniter.php(933): App\Controllers\PlanesController->agregarPlan()
10 SYSTEMPATH\CodeIgniter.php(509): CodeIgniter\CodeIgniter->runController(Object(App\Controllers\PlanesController))
11 SYSTEMPATH\CodeIgniter.php(355): CodeIgniter\CodeIgniter->handleRequest(null, Object(Config\Cache), false)
12 SYSTEMPATH\Boot.php(325): CodeIgniter\CodeIgniter->run()
13 SYSTEMPATH\Boot.php(67): CodeIgniter\Boot::runCodeIgniter(Object(CodeIgniter\CodeIgniter))
14 FCPATH\index.php(56): CodeIgniter\Boot::bootWeb(Object(Config\Paths))
ERROR - 2024-07-18 17:42:03 --> mysqli_sql_exception: Duplicate entry '5' for key 'PRIMARY' in C:\xampp\htdocs\FS2024\fs2024_telefonia\system\Database\MySQLi\Connection.php:312
Stack trace:
#0 C:\xampp\htdocs\FS2024\fs2024_telefonia\system\Database\MySQLi\Connection.php(312): mysqli->query('INSERT INTO `cl...', 0)
#1 C:\xampp\htdocs\FS2024\fs2024_telefonia\system\Database\BaseConnection.php(734): CodeIgniter\Database\MySQLi\Connection->execute('INSERT INTO `cl...')
#2 C:\xampp\htdocs\FS2024\fs2024_telefonia\system\Database\BaseConnection.php(648): CodeIgniter\Database\BaseConnection->simpleQuery('INSERT INTO `cl...')
#3 C:\xampp\htdocs\FS2024\fs2024_telefonia\system\Database\BaseBuilder.php(2332): CodeIgniter\Database\BaseConnection->query('INSERT INTO `cl...', Array, false)
#4 C:\xampp\htdocs\FS2024\fs2024_telefonia\system\Model.php(394): CodeIgniter\Database\BaseBuilder->insert()
#5 C:\xampp\htdocs\FS2024\fs2024_telefonia\system\BaseModel.php(840): CodeIgniter\Model->doInsert(Array)
#6 C:\xampp\htdocs\FS2024\fs2024_telefonia\system\Model.php(802): CodeIgniter\BaseModel->insert(Array, true)
#7 C:\xampp\htdocs\FS2024\fs2024_telefonia\app\Controllers\ClientesController.php(35): CodeIgniter\Model->insert(Array)
#8 C:\xampp\htdocs\FS2024\fs2024_telefonia\system\CodeIgniter.php(933): App\Controllers\ClientesController->agregarCliente()
#9 C:\xampp\htdocs\FS2024\fs2024_telefonia\system\CodeIgniter.php(509): CodeIgniter\CodeIgniter->runController(Object(App\Controllers\ClientesController))
#10 C:\xampp\htdocs\FS2024\fs2024_telefonia\system\CodeIgniter.php(355): CodeIgniter\CodeIgniter->handleRequest(NULL, Object(Config\Cache), false)
#11 C:\xampp\htdocs\FS2024\fs2024_telefonia\system\Boot.php(325): CodeIgniter\CodeIgniter->run()
#12 C:\xampp\htdocs\FS2024\fs2024_telefonia\system\Boot.php(67): CodeIgniter\Boot::runCodeIgniter(Object(CodeIgniter\CodeIgniter))
#13 C:\xampp\htdocs\FS2024\fs2024_telefonia\public\index.php(56): CodeIgniter\Boot::bootWeb(Object(Config\Paths))
#14 {main}
CRITICAL - 2024-07-18 17:42:03 --> CodeIgniter\Database\Exceptions\DatabaseException: Duplicate entry '5' for key 'PRIMARY'
[Method: POST, Route: agregar_cliente]
in SYSTEMPATH\Database\BaseConnection.php on line 688.
 1 SYSTEMPATH\Database\BaseBuilder.php(2332): CodeIgniter\Database\BaseConnection->query('INSERT INTO `clientes` (`cliente_id`, `nombre`, `apellido`, `correo_electronico`, `calle_avenida`, `no_casa`, `zona`) VALUES (:cliente_id:, :nombre:, :apellido:, :correo_electronico:, :calle_avenida:, :no_casa:, :zona:)', [...], false)
 2 SYSTEMPATH\Model.php(394): CodeIgniter\Database\BaseBuilder->insert()
 3 SYSTEMPATH\BaseModel.php(840): CodeIgniter\Model->doInsert([...])
 4 SYSTEMPATH\Model.php(802): CodeIgniter\BaseModel->insert([...], true)
 5 APPPATH\Controllers\ClientesController.php(35): CodeIgniter\Model->insert([...])
 6 SYSTEMPATH\CodeIgniter.php(933): App\Controllers\ClientesController->agregarCliente()
 7 SYSTEMPATH\CodeIgniter.php(509): CodeIgniter\CodeIgniter->runController(Object(App\Controllers\ClientesController))
 8 SYSTEMPATH\CodeIgniter.php(355): CodeIgniter\CodeIgniter->handleRequest(null, Object(Config\Cache), false)
 9 SYSTEMPATH\Boot.php(325): CodeIgniter\CodeIgniter->run()
10 SYSTEMPATH\Boot.php(67): CodeIgniter\Boot::runCodeIgniter(Object(CodeIgniter\CodeIgniter))
11 FCPATH\index.php(56): CodeIgniter\Boot::bootWeb(Object(Config\Paths))
CRITICAL - 2024-07-18 17:42:03 --> [Caused by] CodeIgniter\Database\Exceptions\DatabaseException: Duplicate entry '5' for key 'PRIMARY'
in SYSTEMPATH\Database\MySQLi\Connection.php on line 317.
 1 SYSTEMPATH\Database\BaseConnection.php(734): CodeIgniter\Database\MySQLi\Connection->execute('INSERT INTO `clientes` (`cliente_id`, `nombre`, `apellido`, `correo_electronico`, `calle_avenida`, `no_casa`, `zona`) VALUES (\'5\', \'Joshua\', \'Gonzalez\', \'jgonzalez@mail.com\', \'5calle\', \'55-20\', \'6\')')
 2 SYSTEMPATH\Database\BaseConnection.php(648): CodeIgniter\Database\BaseConnection->simpleQuery('INSERT INTO `clientes` (`cliente_id`, `nombre`, `apellido`, `correo_electronico`, `calle_avenida`, `no_casa`, `zona`) VALUES (\'5\', \'Joshua\', \'Gonzalez\', \'jgonzalez@mail.com\', \'5calle\', \'55-20\', \'6\')')
 3 SYSTEMPATH\Database\BaseBuilder.php(2332): CodeIgniter\Database\BaseConnection->query('INSERT INTO `clientes` (`cliente_id`, `nombre`, `apellido`, `correo_electronico`, `calle_avenida`, `no_casa`, `zona`) VALUES (:cliente_id:, :nombre:, :apellido:, :correo_electronico:, :calle_avenida:, :no_casa:, :zona:)', [...], false)
 4 SYSTEMPATH\Model.php(394): CodeIgniter\Database\BaseBuilder->insert()
 5 SYSTEMPATH\BaseModel.php(840): CodeIgniter\Model->doInsert([...])
 6 SYSTEMPATH\Model.php(802): CodeIgniter\BaseModel->insert([...], true)
 7 APPPATH\Controllers\ClientesController.php(35): CodeIgniter\Model->insert([...])
 8 SYSTEMPATH\CodeIgniter.php(933): App\Controllers\ClientesController->agregarCliente()
 9 SYSTEMPATH\CodeIgniter.php(509): CodeIgniter\CodeIgniter->runController(Object(App\Controllers\ClientesController))
10 SYSTEMPATH\CodeIgniter.php(355): CodeIgniter\CodeIgniter->handleRequest(null, Object(Config\Cache), false)
11 SYSTEMPATH\Boot.php(325): CodeIgniter\CodeIgniter->run()
12 SYSTEMPATH\Boot.php(67): CodeIgniter\Boot::runCodeIgniter(Object(CodeIgniter\CodeIgniter))
13 FCPATH\index.php(56): CodeIgniter\Boot::bootWeb(Object(Config\Paths))
CRITICAL - 2024-07-18 17:42:03 --> [Caused by] mysqli_sql_exception: Duplicate entry '5' for key 'PRIMARY'
in SYSTEMPATH\Database\MySQLi\Connection.php on line 312.
 1 SYSTEMPATH\Database\MySQLi\Connection.php(312): mysqli->query('INSERT INTO `clientes` (`cliente_id`, `nombre`, `apellido`, `correo_electronico`, `calle_avenida`, `no_casa`, `zona`) VALUES (\'5\', \'Joshua\', \'Gonzalez\', \'jgonzalez@mail.com\', \'5calle\', \'55-20\', \'6\')', 0)
 2 SYSTEMPATH\Database\BaseConnection.php(734): CodeIgniter\Database\MySQLi\Connection->execute('INSERT INTO `clientes` (`cliente_id`, `nombre`, `apellido`, `correo_electronico`, `calle_avenida`, `no_casa`, `zona`) VALUES (\'5\', \'Joshua\', \'Gonzalez\', \'jgonzalez@mail.com\', \'5calle\', \'55-20\', \'6\')')
 3 SYSTEMPATH\Database\BaseConnection.php(648): CodeIgniter\Database\BaseConnection->simpleQuery('INSERT INTO `clientes` (`cliente_id`, `nombre`, `apellido`, `correo_electronico`, `calle_avenida`, `no_casa`, `zona`) VALUES (\'5\', \'Joshua\', \'Gonzalez\', \'jgonzalez@mail.com\', \'5calle\', \'55-20\', \'6\')')
 4 SYSTEMPATH\Database\BaseBuilder.php(2332): CodeIgniter\Database\BaseConnection->query('INSERT INTO `clientes` (`cliente_id`, `nombre`, `apellido`, `correo_electronico`, `calle_avenida`, `no_casa`, `zona`) VALUES (:cliente_id:, :nombre:, :apellido:, :correo_electronico:, :calle_avenida:, :no_casa:, :zona:)', [...], false)
 5 SYSTEMPATH\Model.php(394): CodeIgniter\Database\BaseBuilder->insert()
 6 SYSTEMPATH\BaseModel.php(840): CodeIgniter\Model->doInsert([...])
 7 SYSTEMPATH\Model.php(802): CodeIgniter\BaseModel->insert([...], true)
 8 APPPATH\Controllers\ClientesController.php(35): CodeIgniter\Model->insert([...])
 9 SYSTEMPATH\CodeIgniter.php(933): App\Controllers\ClientesController->agregarCliente()
10 SYSTEMPATH\CodeIgniter.php(509): CodeIgniter\CodeIgniter->runController(Object(App\Controllers\ClientesController))
11 SYSTEMPATH\CodeIgniter.php(355): CodeIgniter\CodeIgniter->handleRequest(null, Object(Config\Cache), false)
12 SYSTEMPATH\Boot.php(325): CodeIgniter\CodeIgniter->run()
13 SYSTEMPATH\Boot.php(67): CodeIgniter\Boot::runCodeIgniter(Object(CodeIgniter\CodeIgniter))
14 FCPATH\index.php(56): CodeIgniter\Boot::bootWeb(Object(Config\Paths))
CRITICAL - 2024-07-18 17:42:12 --> ErrorException: Undefined variable $datos
[Method: GET, Route: clientes]
in APPPATH\Views\clientes.php on line 40.
 1 APPPATH\Views\clientes.php(40): CodeIgniter\Debug\Exceptions->errorHandler(2, 'Undefined variable $datos', 'C:\\xampp\\htdocs\\FS2024\\fs2024_telefonia\\app\\Views\\clientes.php', 40)
 2 SYSTEMPATH\View\View.php(234): include('C:\\xampp\\htdocs\\FS2024\\fs2024_telefonia\\app\\Views\\clientes.php')
 3 SYSTEMPATH\View\View.php(237): CodeIgniter\View\View->CodeIgniter\View\{closure}()
 4 SYSTEMPATH\Common.php(1171): CodeIgniter\View\View->render('clientes', [], true)
 5 APPPATH\Controllers\ClientesController.php(14): view('clientes')
 6 SYSTEMPATH\CodeIgniter.php(933): App\Controllers\ClientesController->index()
 7 SYSTEMPATH\CodeIgniter.php(509): CodeIgniter\CodeIgniter->runController(Object(App\Controllers\ClientesController))
 8 SYSTEMPATH\CodeIgniter.php(355): CodeIgniter\CodeIgniter->handleRequest(null, Object(Config\Cache), false)
 9 SYSTEMPATH\Boot.php(325): CodeIgniter\CodeIgniter->run()
10 SYSTEMPATH\Boot.php(67): CodeIgniter\Boot::runCodeIgniter(Object(CodeIgniter\CodeIgniter))
11 FCPATH\index.php(56): CodeIgniter\Boot::bootWeb(Object(Config\Paths))
CRITICAL - 2024-07-18 17:45:12 --> ErrorException: Undefined variable $datos
[Method: GET, Route: clientes]
in APPPATH\Views\clientes.php on line 40.
 1 APPPATH\Views\clientes.php(40): CodeIgniter\Debug\Exceptions->errorHandler(2, 'Undefined variable $datos', 'C:\\xampp\\htdocs\\FS2024\\fs2024_telefonia\\app\\Views\\clientes.php', 40)
 2 SYSTEMPATH\View\View.php(234): include('C:\\xampp\\htdocs\\FS2024\\fs2024_telefonia\\app\\Views\\clientes.php')
 3 SYSTEMPATH\View\View.php(237): CodeIgniter\View\View->CodeIgniter\View\{closure}()
 4 SYSTEMPATH\Common.php(1171): CodeIgniter\View\View->render('clientes', [], true)
 5 APPPATH\Controllers\ClientesController.php(14): view('clientes')
 6 SYSTEMPATH\CodeIgniter.php(933): App\Controllers\ClientesController->index()
 7 SYSTEMPATH\CodeIgniter.php(509): CodeIgniter\CodeIgniter->runController(Object(App\Controllers\ClientesController))
 8 SYSTEMPATH\CodeIgniter.php(355): CodeIgniter\CodeIgniter->handleRequest(null, Object(Config\Cache), false)
 9 SYSTEMPATH\Boot.php(325): CodeIgniter\CodeIgniter->run()
10 SYSTEMPATH\Boot.php(67): CodeIgniter\Boot::runCodeIgniter(Object(CodeIgniter\CodeIgniter))
11 FCPATH\index.php(56): CodeIgniter\Boot::bootWeb(Object(Config\Paths))
CRITICAL - 2024-07-18 17:45:24 --> ErrorException: Undefined variable $dato
[Method: GET, Route: clientes]
in APPPATH\Views\clientes.php on line 40.
 1 APPPATH\Views\clientes.php(40): CodeIgniter\Debug\Exceptions->errorHandler(2, 'Undefined variable $dato', 'C:\\xampp\\htdocs\\FS2024\\fs2024_telefonia\\app\\Views\\clientes.php', 40)
 2 SYSTEMPATH\View\View.php(234): include('C:\\xampp\\htdocs\\FS2024\\fs2024_telefonia\\app\\Views\\clientes.php')
 3 SYSTEMPATH\View\View.php(237): CodeIgniter\View\View->CodeIgniter\View\{closure}()
 4 SYSTEMPATH\Common.php(1171): CodeIgniter\View\View->render('clientes', [], true)
 5 APPPATH\Controllers\ClientesController.php(14): view('clientes')
 6 SYSTEMPATH\CodeIgniter.php(933): App\Controllers\ClientesController->index()
 7 SYSTEMPATH\CodeIgniter.php(509): CodeIgniter\CodeIgniter->runController(Object(App\Controllers\ClientesController))
 8 SYSTEMPATH\CodeIgniter.php(355): CodeIgniter\CodeIgniter->handleRequest(null, Object(Config\Cache), false)
 9 SYSTEMPATH\Boot.php(325): CodeIgniter\CodeIgniter->run()
10 SYSTEMPATH\Boot.php(67): CodeIgniter\Boot::runCodeIgniter(Object(CodeIgniter\CodeIgniter))
11 FCPATH\index.php(56): CodeIgniter\Boot::bootWeb(Object(Config\Paths))
CRITICAL - 2024-07-18 17:47:17 --> ErrorException: Undefined variable $datos
[Method: GET, Route: clientes]
in APPPATH\Views\clientes.php on line 40.
 1 APPPATH\Views\clientes.php(40): CodeIgniter\Debug\Exceptions->errorHandler(2, 'Undefined variable $datos', 'C:\\xampp\\htdocs\\FS2024\\fs2024_telefonia\\app\\Views\\clientes.php', 40)
 2 SYSTEMPATH\View\View.php(234): include('C:\\xampp\\htdocs\\FS2024\\fs2024_telefonia\\app\\Views\\clientes.php')
 3 SYSTEMPATH\View\View.php(237): CodeIgniter\View\View->CodeIgniter\View\{closure}()
 4 SYSTEMPATH\Common.php(1171): CodeIgniter\View\View->render('clientes', [], true)
 5 APPPATH\Controllers\ClientesController.php(14): view('clientes')
 6 SYSTEMPATH\CodeIgniter.php(933): App\Controllers\ClientesController->index()
 7 SYSTEMPATH\CodeIgniter.php(509): CodeIgniter\CodeIgniter->runController(Object(App\Controllers\ClientesController))
 8 SYSTEMPATH\CodeIgniter.php(355): CodeIgniter\CodeIgniter->handleRequest(null, Object(Config\Cache), false)
 9 SYSTEMPATH\Boot.php(325): CodeIgniter\CodeIgniter->run()
10 SYSTEMPATH\Boot.php(67): CodeIgniter\Boot::runCodeIgniter(Object(CodeIgniter\CodeIgniter))
11 FCPATH\index.php(56): CodeIgniter\Boot::bootWeb(Object(Config\Paths))
CRITICAL - 2024-07-18 17:47:41 --> ErrorException: Undefined variable $datos
[Method: GET, Route: clientes]
in APPPATH\Views\clientes.php on line 40.
 1 APPPATH\Views\clientes.php(40): CodeIgniter\Debug\Exceptions->errorHandler(2, 'Undefined variable $datos', 'C:\\xampp\\htdocs\\FS2024\\fs2024_telefonia\\app\\Views\\clientes.php', 40)
 2 SYSTEMPATH\View\View.php(234): include('C:\\xampp\\htdocs\\FS2024\\fs2024_telefonia\\app\\Views\\clientes.php')
 3 SYSTEMPATH\View\View.php(237): CodeIgniter\View\View->CodeIgniter\View\{closure}()
 4 SYSTEMPATH\Common.php(1171): CodeIgniter\View\View->render('clientes', [], true)
 5 APPPATH\Controllers\ClientesController.php(14): view('clientes')
 6 SYSTEMPATH\CodeIgniter.php(933): App\Controllers\ClientesController->index()
 7 SYSTEMPATH\CodeIgniter.php(509): CodeIgniter\CodeIgniter->runController(Object(App\Controllers\ClientesController))
 8 SYSTEMPATH\CodeIgniter.php(355): CodeIgniter\CodeIgniter->handleRequest(null, Object(Config\Cache), false)
 9 SYSTEMPATH\Boot.php(325): CodeIgniter\CodeIgniter->run()
10 SYSTEMPATH\Boot.php(67): CodeIgniter\Boot::runCodeIgniter(Object(CodeIgniter\CodeIgniter))
11 FCPATH\index.php(56): CodeIgniter\Boot::bootWeb(Object(Config\Paths))
ERROR - 2024-07-18 17:48:29 --> mysqli_sql_exception: Cannot add or update a child row: a foreign key constraint fails (`fs2024_telefonia`.`lineas_telefonicas`, CONSTRAINT `lineas_telefonicas_ibfk_1` FOREIGN KEY (`plan_id`) REFERENCES `planes` (`plan_id`) ON DELETE CASCADE ON UPDATE CASCADE) in C:\xampp\htdocs\FS2024\fs2024_telefonia\system\Database\MySQLi\Connection.php:312
Stack trace:
#0 C:\xampp\htdocs\FS2024\fs2024_telefonia\system\Database\MySQLi\Connection.php(312): mysqli->query('INSERT INTO `li...', 0)
#1 C:\xampp\htdocs\FS2024\fs2024_telefonia\system\Database\BaseConnection.php(734): CodeIgniter\Database\MySQLi\Connection->execute('INSERT INTO `li...')
#2 C:\xampp\htdocs\FS2024\fs2024_telefonia\system\Database\BaseConnection.php(648): CodeIgniter\Database\BaseConnection->simpleQuery('INSERT INTO `li...')
#3 C:\xampp\htdocs\FS2024\fs2024_telefonia\system\Database\BaseBuilder.php(2332): CodeIgniter\Database\BaseConnection->query('INSERT INTO `li...', Array, false)
#4 C:\xampp\htdocs\FS2024\fs2024_telefonia\system\Model.php(394): CodeIgniter\Database\BaseBuilder->insert()
#5 C:\xampp\htdocs\FS2024\fs2024_telefonia\system\BaseModel.php(840): CodeIgniter\Model->doInsert(Array)
#6 C:\xampp\htdocs\FS2024\fs2024_telefonia\system\Model.php(802): CodeIgniter\BaseModel->insert(Array, true)
#7 C:\xampp\htdocs\FS2024\fs2024_telefonia\app\Controllers\LineasTelefonicasController.php(33): CodeIgniter\Model->insert(Array)
#8 C:\xampp\htdocs\FS2024\fs2024_telefonia\system\CodeIgniter.php(933): App\Controllers\LineasTelefonicasController->agregarLineasTelefonicas()
#9 C:\xampp\htdocs\FS2024\fs2024_telefonia\system\CodeIgniter.php(509): CodeIgniter\CodeIgniter->runController(Object(App\Controllers\LineasTelefonicasController))
#10 C:\xampp\htdocs\FS2024\fs2024_telefonia\system\CodeIgniter.php(355): CodeIgniter\CodeIgniter->handleRequest(NULL, Object(Config\Cache), false)
#11 C:\xampp\htdocs\FS2024\fs2024_telefonia\system\Boot.php(325): CodeIgniter\CodeIgniter->run()
#12 C:\xampp\htdocs\FS2024\fs2024_telefonia\system\Boot.php(67): CodeIgniter\Boot::runCodeIgniter(Object(CodeIgniter\CodeIgniter))
#13 C:\xampp\htdocs\FS2024\fs2024_telefonia\public\index.php(56): CodeIgniter\Boot::bootWeb(Object(Config\Paths))
#14 {main}
CRITICAL - 2024-07-18 17:48:29 --> CodeIgniter\Database\Exceptions\DatabaseException: Cannot add or update a child row: a foreign key constraint fails (`fs2024_telefonia`.`lineas_telefonicas`, CONSTRAINT `lineas_telefonicas_ibfk_1` FOREIGN KEY (`plan_id`) REFERENCES `planes` (`plan_id`) ON DELETE CASCADE ON UPDATE CASCADE)
[Method: POST, Route: agregar_lineastelefonicas]
in SYSTEMPATH\Database\BaseConnection.php on line 688.
 1 SYSTEMPATH\Database\BaseBuilder.php(2332): CodeIgniter\Database\BaseConnection->query('INSERT INTO `lineas_telefonicas` (`no_telefono`, `fecha_pago`, `meses_atraso`, `plan_id`, `cliente_id`) VALUES (:no_telefono:, :fecha_pago:, :meses_atraso:, :plan_id:, :cliente_id:)', [...], false)
 2 SYSTEMPATH\Model.php(394): CodeIgniter\Database\BaseBuilder->insert()
 3 SYSTEMPATH\BaseModel.php(840): CodeIgniter\Model->doInsert([...])
 4 SYSTEMPATH\Model.php(802): CodeIgniter\BaseModel->insert([...], true)
 5 APPPATH\Controllers\LineasTelefonicasController.php(33): CodeIgniter\Model->insert([...])
 6 SYSTEMPATH\CodeIgniter.php(933): App\Controllers\LineasTelefonicasController->agregarLineasTelefonicas()
 7 SYSTEMPATH\CodeIgniter.php(509): CodeIgniter\CodeIgniter->runController(Object(App\Controllers\LineasTelefonicasController))
 8 SYSTEMPATH\CodeIgniter.php(355): CodeIgniter\CodeIgniter->handleRequest(null, Object(Config\Cache), false)
 9 SYSTEMPATH\Boot.php(325): CodeIgniter\CodeIgniter->run()
10 SYSTEMPATH\Boot.php(67): CodeIgniter\Boot::runCodeIgniter(Object(CodeIgniter\CodeIgniter))
11 FCPATH\index.php(56): CodeIgniter\Boot::bootWeb(Object(Config\Paths))
CRITICAL - 2024-07-18 17:48:29 --> [Caused by] CodeIgniter\Database\Exceptions\DatabaseException: Cannot add or update a child row: a foreign key constraint fails (`fs2024_telefonia`.`lineas_telefonicas`, CONSTRAINT `lineas_telefonicas_ibfk_1` FOREIGN KEY (`plan_id`) REFERENCES `planes` (`plan_id`) ON DELETE CASCADE ON UPDATE CASCADE)
in SYSTEMPATH\Database\MySQLi\Connection.php on line 317.
 1 SYSTEMPATH\Database\BaseConnection.php(734): CodeIgniter\Database\MySQLi\Connection->execute('INSERT INTO `lineas_telefonicas` (`no_telefono`, `fecha_pago`, `meses_atraso`, `plan_id`, `cliente_id`) VALUES (\'55555\', \'2\', \'5\', \'7\', \'1\')')
 2 SYSTEMPATH\Database\BaseConnection.php(648): CodeIgniter\Database\BaseConnection->simpleQuery('INSERT INTO `lineas_telefonicas` (`no_telefono`, `fecha_pago`, `meses_atraso`, `plan_id`, `cliente_id`) VALUES (\'55555\', \'2\', \'5\', \'7\', \'1\')')
 3 SYSTEMPATH\Database\BaseBuilder.php(2332): CodeIgniter\Database\BaseConnection->query('INSERT INTO `lineas_telefonicas` (`no_telefono`, `fecha_pago`, `meses_atraso`, `plan_id`, `cliente_id`) VALUES (:no_telefono:, :fecha_pago:, :meses_atraso:, :plan_id:, :cliente_id:)', [...], false)
 4 SYSTEMPATH\Model.php(394): CodeIgniter\Database\BaseBuilder->insert()
 5 SYSTEMPATH\BaseModel.php(840): CodeIgniter\Model->doInsert([...])
 6 SYSTEMPATH\Model.php(802): CodeIgniter\BaseModel->insert([...], true)
 7 APPPATH\Controllers\LineasTelefonicasController.php(33): CodeIgniter\Model->insert([...])
 8 SYSTEMPATH\CodeIgniter.php(933): App\Controllers\LineasTelefonicasController->agregarLineasTelefonicas()
 9 SYSTEMPATH\CodeIgniter.php(509): CodeIgniter\CodeIgniter->runController(Object(App\Controllers\LineasTelefonicasController))
10 SYSTEMPATH\CodeIgniter.php(355): CodeIgniter\CodeIgniter->handleRequest(null, Object(Config\Cache), false)
11 SYSTEMPATH\Boot.php(325): CodeIgniter\CodeIgniter->run()
12 SYSTEMPATH\Boot.php(67): CodeIgniter\Boot::runCodeIgniter(Object(CodeIgniter\CodeIgniter))
13 FCPATH\index.php(56): CodeIgniter\Boot::bootWeb(Object(Config\Paths))
CRITICAL - 2024-07-18 17:48:29 --> [Caused by] mysqli_sql_exception: Cannot add or update a child row: a foreign key constraint fails (`fs2024_telefonia`.`lineas_telefonicas`, CONSTRAINT `lineas_telefonicas_ibfk_1` FOREIGN KEY (`plan_id`) REFERENCES `planes` (`plan_id`) ON DELETE CASCADE ON UPDATE CASCADE)
in SYSTEMPATH\Database\MySQLi\Connection.php on line 312.
 1 SYSTEMPATH\Database\MySQLi\Connection.php(312): mysqli->query('INSERT INTO `lineas_telefonicas` (`no_telefono`, `fecha_pago`, `meses_atraso`, `plan_id`, `cliente_id`) VALUES (\'55555\', \'2\', \'5\', \'7\', \'1\')', 0)
 2 SYSTEMPATH\Database\BaseConnection.php(734): CodeIgniter\Database\MySQLi\Connection->execute('INSERT INTO `lineas_telefonicas` (`no_telefono`, `fecha_pago`, `meses_atraso`, `plan_id`, `cliente_id`) VALUES (\'55555\', \'2\', \'5\', \'7\', \'1\')')
 3 SYSTEMPATH\Database\BaseConnection.php(648): CodeIgniter\Database\BaseConnection->simpleQuery('INSERT INTO `lineas_telefonicas` (`no_telefono`, `fecha_pago`, `meses_atraso`, `plan_id`, `cliente_id`) VALUES (\'55555\', \'2\', \'5\', \'7\', \'1\')')
 4 SYSTEMPATH\Database\BaseBuilder.php(2332): CodeIgniter\Database\BaseConnection->query('INSERT INTO `lineas_telefonicas` (`no_telefono`, `fecha_pago`, `meses_atraso`, `plan_id`, `cliente_id`) VALUES (:no_telefono:, :fecha_pago:, :meses_atraso:, :plan_id:, :cliente_id:)', [...], false)
 5 SYSTEMPATH\Model.php(394): CodeIgniter\Database\BaseBuilder->insert()
 6 SYSTEMPATH\BaseModel.php(840): CodeIgniter\Model->doInsert([...])
 7 SYSTEMPATH\Model.php(802): CodeIgniter\BaseModel->insert([...], true)
 8 APPPATH\Controllers\LineasTelefonicasController.php(33): CodeIgniter\Model->insert([...])
 9 SYSTEMPATH\CodeIgniter.php(933): App\Controllers\LineasTelefonicasController->agregarLineasTelefonicas()
10 SYSTEMPATH\CodeIgniter.php(509): CodeIgniter\CodeIgniter->runController(Object(App\Controllers\LineasTelefonicasController))
11 SYSTEMPATH\CodeIgniter.php(355): CodeIgniter\CodeIgniter->handleRequest(null, Object(Config\Cache), false)
12 SYSTEMPATH\Boot.php(325): CodeIgniter\CodeIgniter->run()
13 SYSTEMPATH\Boot.php(67): CodeIgniter\Boot::runCodeIgniter(Object(CodeIgniter\CodeIgniter))
14 FCPATH\index.php(56): CodeIgniter\Boot::bootWeb(Object(Config\Paths))
ERROR - 2024-07-18 17:49:04 --> mysqli_sql_exception: Cannot add or update a child row: a foreign key constraint fails (`fs2024_telefonia`.`lineas_telefonicas`, CONSTRAINT `lineas_telefonicas_ibfk_1` FOREIGN KEY (`plan_id`) REFERENCES `planes` (`plan_id`) ON DELETE CASCADE ON UPDATE CASCADE) in C:\xampp\htdocs\FS2024\fs2024_telefonia\system\Database\MySQLi\Connection.php:312
Stack trace:
#0 C:\xampp\htdocs\FS2024\fs2024_telefonia\system\Database\MySQLi\Connection.php(312): mysqli->query('INSERT INTO `li...', 0)
#1 C:\xampp\htdocs\FS2024\fs2024_telefonia\system\Database\BaseConnection.php(734): CodeIgniter\Database\MySQLi\Connection->execute('INSERT INTO `li...')
#2 C:\xampp\htdocs\FS2024\fs2024_telefonia\system\Database\BaseConnection.php(648): CodeIgniter\Database\BaseConnection->simpleQuery('INSERT INTO `li...')
#3 C:\xampp\htdocs\FS2024\fs2024_telefonia\system\Database\BaseBuilder.php(2332): CodeIgniter\Database\BaseConnection->query('INSERT INTO `li...', Array, false)
#4 C:\xampp\htdocs\FS2024\fs2024_telefonia\system\Model.php(394): CodeIgniter\Database\BaseBuilder->insert()
#5 C:\xampp\htdocs\FS2024\fs2024_telefonia\system\BaseModel.php(840): CodeIgniter\Model->doInsert(Array)
#6 C:\xampp\htdocs\FS2024\fs2024_telefonia\system\Model.php(802): CodeIgniter\BaseModel->insert(Array, true)
#7 C:\xampp\htdocs\FS2024\fs2024_telefonia\app\Controllers\LineasTelefonicasController.php(33): CodeIgniter\Model->insert(Array)
#8 C:\xampp\htdocs\FS2024\fs2024_telefonia\system\CodeIgniter.php(933): App\Controllers\LineasTelefonicasController->agregarLineasTelefonicas()
#9 C:\xampp\htdocs\FS2024\fs2024_telefonia\system\CodeIgniter.php(509): CodeIgniter\CodeIgniter->runController(Object(App\Controllers\LineasTelefonicasController))
#10 C:\xampp\htdocs\FS2024\fs2024_telefonia\system\CodeIgniter.php(355): CodeIgniter\CodeIgniter->handleRequest(NULL, Object(Config\Cache), false)
#11 C:\xampp\htdocs\FS2024\fs2024_telefonia\system\Boot.php(325): CodeIgniter\CodeIgniter->run()
#12 C:\xampp\htdocs\FS2024\fs2024_telefonia\system\Boot.php(67): CodeIgniter\Boot::runCodeIgniter(Object(CodeIgniter\CodeIgniter))
#13 C:\xampp\htdocs\FS2024\fs2024_telefonia\public\index.php(56): CodeIgniter\Boot::bootWeb(Object(Config\Paths))
#14 {main}
CRITICAL - 2024-07-18 17:49:04 --> CodeIgniter\Database\Exceptions\DatabaseException: Cannot add or update a child row: a foreign key constraint fails (`fs2024_telefonia`.`lineas_telefonicas`, CONSTRAINT `lineas_telefonicas_ibfk_1` FOREIGN KEY (`plan_id`) REFERENCES `planes` (`plan_id`) ON DELETE CASCADE ON UPDATE CASCADE)
[Method: POST, Route: agregar_lineastelefonicas]
in SYSTEMPATH\Database\BaseConnection.php on line 688.
 1 SYSTEMPATH\Database\BaseBuilder.php(2332): CodeIgniter\Database\BaseConnection->query('INSERT INTO `lineas_telefonicas` (`no_telefono`, `fecha_pago`, `meses_atraso`, `plan_id`, `cliente_id`) VALUES (:no_telefono:, :fecha_pago:, :meses_atraso:, :plan_id:, :cliente_id:)', [...], false)
 2 SYSTEMPATH\Model.php(394): CodeIgniter\Database\BaseBuilder->insert()
 3 SYSTEMPATH\BaseModel.php(840): CodeIgniter\Model->doInsert([...])
 4 SYSTEMPATH\Model.php(802): CodeIgniter\BaseModel->insert([...], true)
 5 APPPATH\Controllers\LineasTelefonicasController.php(33): CodeIgniter\Model->insert([...])
 6 SYSTEMPATH\CodeIgniter.php(933): App\Controllers\LineasTelefonicasController->agregarLineasTelefonicas()
 7 SYSTEMPATH\CodeIgniter.php(509): CodeIgniter\CodeIgniter->runController(Object(App\Controllers\LineasTelefonicasController))
 8 SYSTEMPATH\CodeIgniter.php(355): CodeIgniter\CodeIgniter->handleRequest(null, Object(Config\Cache), false)
 9 SYSTEMPATH\Boot.php(325): CodeIgniter\CodeIgniter->run()
10 SYSTEMPATH\Boot.php(67): CodeIgniter\Boot::runCodeIgniter(Object(CodeIgniter\CodeIgniter))
11 FCPATH\index.php(56): CodeIgniter\Boot::bootWeb(Object(Config\Paths))
CRITICAL - 2024-07-18 17:49:04 --> [Caused by] CodeIgniter\Database\Exceptions\DatabaseException: Cannot add or update a child row: a foreign key constraint fails (`fs2024_telefonia`.`lineas_telefonicas`, CONSTRAINT `lineas_telefonicas_ibfk_1` FOREIGN KEY (`plan_id`) REFERENCES `planes` (`plan_id`) ON DELETE CASCADE ON UPDATE CASCADE)
in SYSTEMPATH\Database\MySQLi\Connection.php on line 317.
 1 SYSTEMPATH\Database\BaseConnection.php(734): CodeIgniter\Database\MySQLi\Connection->execute('INSERT INTO `lineas_telefonicas` (`no_telefono`, `fecha_pago`, `meses_atraso`, `plan_id`, `cliente_id`) VALUES (\'55555\', \'2\', \'5\', \'7\', \'1\')')
 2 SYSTEMPATH\Database\BaseConnection.php(648): CodeIgniter\Database\BaseConnection->simpleQuery('INSERT INTO `lineas_telefonicas` (`no_telefono`, `fecha_pago`, `meses_atraso`, `plan_id`, `cliente_id`) VALUES (\'55555\', \'2\', \'5\', \'7\', \'1\')')
 3 SYSTEMPATH\Database\BaseBuilder.php(2332): CodeIgniter\Database\BaseConnection->query('INSERT INTO `lineas_telefonicas` (`no_telefono`, `fecha_pago`, `meses_atraso`, `plan_id`, `cliente_id`) VALUES (:no_telefono:, :fecha_pago:, :meses_atraso:, :plan_id:, :cliente_id:)', [...], false)
 4 SYSTEMPATH\Model.php(394): CodeIgniter\Database\BaseBuilder->insert()
 5 SYSTEMPATH\BaseModel.php(840): CodeIgniter\Model->doInsert([...])
 6 SYSTEMPATH\Model.php(802): CodeIgniter\BaseModel->insert([...], true)
 7 APPPATH\Controllers\LineasTelefonicasController.php(33): CodeIgniter\Model->insert([...])
 8 SYSTEMPATH\CodeIgniter.php(933): App\Controllers\LineasTelefonicasController->agregarLineasTelefonicas()
 9 SYSTEMPATH\CodeIgniter.php(509): CodeIgniter\CodeIgniter->runController(Object(App\Controllers\LineasTelefonicasController))
10 SYSTEMPATH\CodeIgniter.php(355): CodeIgniter\CodeIgniter->handleRequest(null, Object(Config\Cache), false)
11 SYSTEMPATH\Boot.php(325): CodeIgniter\CodeIgniter->run()
12 SYSTEMPATH\Boot.php(67): CodeIgniter\Boot::runCodeIgniter(Object(CodeIgniter\CodeIgniter))
13 FCPATH\index.php(56): CodeIgniter\Boot::bootWeb(Object(Config\Paths))
CRITICAL - 2024-07-18 17:49:04 --> [Caused by] mysqli_sql_exception: Cannot add or update a child row: a foreign key constraint fails (`fs2024_telefonia`.`lineas_telefonicas`, CONSTRAINT `lineas_telefonicas_ibfk_1` FOREIGN KEY (`plan_id`) REFERENCES `planes` (`plan_id`) ON DELETE CASCADE ON UPDATE CASCADE)
in SYSTEMPATH\Database\MySQLi\Connection.php on line 312.
 1 SYSTEMPATH\Database\MySQLi\Connection.php(312): mysqli->query('INSERT INTO `lineas_telefonicas` (`no_telefono`, `fecha_pago`, `meses_atraso`, `plan_id`, `cliente_id`) VALUES (\'55555\', \'2\', \'5\', \'7\', \'1\')', 0)
 2 SYSTEMPATH\Database\BaseConnection.php(734): CodeIgniter\Database\MySQLi\Connection->execute('INSERT INTO `lineas_telefonicas` (`no_telefono`, `fecha_pago`, `meses_atraso`, `plan_id`, `cliente_id`) VALUES (\'55555\', \'2\', \'5\', \'7\', \'1\')')
 3 SYSTEMPATH\Database\BaseConnection.php(648): CodeIgniter\Database\BaseConnection->simpleQuery('INSERT INTO `lineas_telefonicas` (`no_telefono`, `fecha_pago`, `meses_atraso`, `plan_id`, `cliente_id`) VALUES (\'55555\', \'2\', \'5\', \'7\', \'1\')')
 4 SYSTEMPATH\Database\BaseBuilder.php(2332): CodeIgniter\Database\BaseConnection->query('INSERT INTO `lineas_telefonicas` (`no_telefono`, `fecha_pago`, `meses_atraso`, `plan_id`, `cliente_id`) VALUES (:no_telefono:, :fecha_pago:, :meses_atraso:, :plan_id:, :cliente_id:)', [...], false)
 5 SYSTEMPATH\Model.php(394): CodeIgniter\Database\BaseBuilder->insert()
 6 SYSTEMPATH\BaseModel.php(840): CodeIgniter\Model->doInsert([...])
 7 SYSTEMPATH\Model.php(802): CodeIgniter\BaseModel->insert([...], true)
 8 APPPATH\Controllers\LineasTelefonicasController.php(33): CodeIgniter\Model->insert([...])
 9 SYSTEMPATH\CodeIgniter.php(933): App\Controllers\LineasTelefonicasController->agregarLineasTelefonicas()
10 SYSTEMPATH\CodeIgniter.php(509): CodeIgniter\CodeIgniter->runController(Object(App\Controllers\LineasTelefonicasController))
11 SYSTEMPATH\CodeIgniter.php(355): CodeIgniter\CodeIgniter->handleRequest(null, Object(Config\Cache), false)
12 SYSTEMPATH\Boot.php(325): CodeIgniter\CodeIgniter->run()
13 SYSTEMPATH\Boot.php(67): CodeIgniter\Boot::runCodeIgniter(Object(CodeIgniter\CodeIgniter))
14 FCPATH\index.php(56): CodeIgniter\Boot::bootWeb(Object(Config\Paths))
CRITICAL - 2024-07-18 17:59:33 --> ErrorException: Undefined variable $datos
[Method: GET, Route: clientes]
in APPPATH\Views\clientes.php on line 40.
 1 APPPATH\Views\clientes.php(40): CodeIgniter\Debug\Exceptions->errorHandler(2, 'Undefined variable $datos', 'C:\\xampp\\htdocs\\FS2024\\fs2024_telefonia\\app\\Views\\clientes.php', 40)
 2 SYSTEMPATH\View\View.php(234): include('C:\\xampp\\htdocs\\FS2024\\fs2024_telefonia\\app\\Views\\clientes.php')
 3 SYSTEMPATH\View\View.php(237): CodeIgniter\View\View->CodeIgniter\View\{closure}()
 4 SYSTEMPATH\Common.php(1171): CodeIgniter\View\View->render('clientes', [], true)
 5 APPPATH\Controllers\ClientesController.php(14): view('clientes')
 6 SYSTEMPATH\CodeIgniter.php(933): App\Controllers\ClientesController->index()
 7 SYSTEMPATH\CodeIgniter.php(509): CodeIgniter\CodeIgniter->runController(Object(App\Controllers\ClientesController))
 8 SYSTEMPATH\CodeIgniter.php(355): CodeIgniter\CodeIgniter->handleRequest(null, Object(Config\Cache), false)
 9 SYSTEMPATH\Boot.php(325): CodeIgniter\CodeIgniter->run()
10 SYSTEMPATH\Boot.php(67): CodeIgniter\Boot::runCodeIgniter(Object(CodeIgniter\CodeIgniter))
11 FCPATH\index.php(56): CodeIgniter\Boot::bootWeb(Object(Config\Paths))
