ERROR - 2024-11-20 03:52:10 --> Error connecting to the database: mysqli_sql_exception: Unknown database 'ci4' in C:\xampp\htdocs\fs2024_telefonia\system\Database\MySQLi\Connection.php:186
Stack trace:
#0 C:\xampp\htdocs\fs2024_telefonia\system\Database\MySQLi\Connection.php(186): mysqli->real_connect('localhost', 'root', Object(SensitiveParameterValue), 'ci4', 3306, '', 0)
#1 C:\xampp\htdocs\fs2024_telefonia\system\Database\BaseConnection.php(421): CodeIgniter\Database\MySQLi\Connection->connect(false)
#2 C:\xampp\htdocs\fs2024_telefonia\system\Database\BaseConnection.php(616): CodeIgniter\Database\BaseConnection->initialize()
#3 C:\xampp\htdocs\fs2024_telefonia\system\Database\BaseBuilder.php(1636): CodeIgniter\Database\BaseConnection->query('SELECT *\nFROM `...', Array, false)
#4 C:\xampp\htdocs\fs2024_telefonia\system\Model.php(286): CodeIgniter\Database\BaseBuilder->get()
#5 C:\xampp\htdocs\fs2024_telefonia\system\BaseModel.php(676): CodeIgniter\Model->doFindAll(0, 0)
#6 C:\xampp\htdocs\fs2024_telefonia\app\Controllers\Clientes.php(13): CodeIgniter\BaseModel->findAll()
#7 C:\xampp\htdocs\fs2024_telefonia\system\CodeIgniter.php(933): App\Controllers\Clientes->index()
#8 C:\xampp\htdocs\fs2024_telefonia\system\CodeIgniter.php(509): CodeIgniter\CodeIgniter->runController(Object(App\Controllers\Clientes))
#9 C:\xampp\htdocs\fs2024_telefonia\system\CodeIgniter.php(355): CodeIgniter\CodeIgniter->handleRequest(NULL, Object(Config\Cache), false)
#10 C:\xampp\htdocs\fs2024_telefonia\system\Boot.php(325): CodeIgniter\CodeIgniter->run()
#11 C:\xampp\htdocs\fs2024_telefonia\system\Boot.php(67): CodeIgniter\Boot::runCodeIgniter(Object(CodeIgniter\CodeIgniter))
#12 C:\xampp\htdocs\fs2024_telefonia\public\index.php(56): CodeIgniter\Boot::bootWeb(Object(Config\Paths))
#13 {main}

Next CodeIgniter\Database\Exceptions\DatabaseException: Unknown database 'ci4' in C:\xampp\htdocs\fs2024_telefonia\system\Database\MySQLi\Connection.php:231
Stack trace:
#0 C:\xampp\htdocs\fs2024_telefonia\system\Database\BaseConnection.php(421): CodeIgniter\Database\MySQLi\Connection->connect(false)
#1 C:\xampp\htdocs\fs2024_telefonia\system\Database\BaseConnection.php(616): CodeIgniter\Database\BaseConnection->initialize()
#2 C:\xampp\htdocs\fs2024_telefonia\system\Database\BaseBuilder.php(1636): CodeIgniter\Database\BaseConnection->query('SELECT *\nFROM `...', Array, false)
#3 C:\xampp\htdocs\fs2024_telefonia\system\Model.php(286): CodeIgniter\Database\BaseBuilder->get()
#4 C:\xampp\htdocs\fs2024_telefonia\system\BaseModel.php(676): CodeIgniter\Model->doFindAll(0, 0)
#5 C:\xampp\htdocs\fs2024_telefonia\app\Controllers\Clientes.php(13): CodeIgniter\BaseModel->findAll()
#6 C:\xampp\htdocs\fs2024_telefonia\system\CodeIgniter.php(933): App\Controllers\Clientes->index()
#7 C:\xampp\htdocs\fs2024_telefonia\system\CodeIgniter.php(509): CodeIgniter\CodeIgniter->runController(Object(App\Controllers\Clientes))
#8 C:\xampp\htdocs\fs2024_telefonia\system\CodeIgniter.php(355): CodeIgniter\CodeIgniter->handleRequest(NULL, Object(Config\Cache), false)
#9 C:\xampp\htdocs\fs2024_telefonia\system\Boot.php(325): CodeIgniter\CodeIgniter->run()
#10 C:\xampp\htdocs\fs2024_telefonia\system\Boot.php(67): CodeIgniter\Boot::runCodeIgniter(Object(CodeIgniter\CodeIgniter))
#11 C:\xampp\htdocs\fs2024_telefonia\public\index.php(56): CodeIgniter\Boot::bootWeb(Object(Config\Paths))
#12 {main}
CRITICAL - 2024-11-20 03:52:10 --> CodeIgniter\Database\Exceptions\DatabaseException: Unable to connect to the database.
Main connection [MySQLi]: Unknown database 'ci4'
[Method: GET, Route: ver_clientes]
in SYSTEMPATH\Database\BaseConnection.php on line 467.
 1 SYSTEMPATH\Database\BaseConnection.php(616): CodeIgniter\Database\BaseConnection->initialize()
 2 SYSTEMPATH\Database\BaseBuilder.php(1636): CodeIgniter\Database\BaseConnection->query('SELECT *
FROM `clientes`', [], false)
 3 SYSTEMPATH\Model.php(286): CodeIgniter\Database\BaseBuilder->get()
 4 SYSTEMPATH\BaseModel.php(676): CodeIgniter\Model->doFindAll(0, 0)
 5 APPPATH\Controllers\Clientes.php(13): CodeIgniter\BaseModel->findAll()
 6 SYSTEMPATH\CodeIgniter.php(933): App\Controllers\Clientes->index()
 7 SYSTEMPATH\CodeIgniter.php(509): CodeIgniter\CodeIgniter->runController(Object(App\Controllers\Clientes))
 8 SYSTEMPATH\CodeIgniter.php(355): CodeIgniter\CodeIgniter->handleRequest(null, Object(Config\Cache), false)
 9 SYSTEMPATH\Boot.php(325): CodeIgniter\CodeIgniter->run()
10 SYSTEMPATH\Boot.php(67): CodeIgniter\Boot::runCodeIgniter(Object(CodeIgniter\CodeIgniter))
11 FCPATH\index.php(56): CodeIgniter\Boot::bootWeb(Object(Config\Paths))
CRITICAL - 2024-11-20 04:19:53 --> ErrorException: Undefined variable $titulo
[Method: GET, Route: /]
in APPPATH\Views\layout\template.php on line 7.
 1 APPPATH\Views\layout\template.php(7): CodeIgniter\Debug\Exceptions->errorHandler(2, 'Undefined variable $titulo', 'C:\\xampp\\htdocs\\fs2024_telefonia\\app\\Views\\layout\\template.php', 7)
 2 SYSTEMPATH\View\View.php(234): include('C:\\xampp\\htdocs\\fs2024_telefonia\\app\\Views\\layout\\template.php')
 3 SYSTEMPATH\View\View.php(237): CodeIgniter\View\View->CodeIgniter\View\{closure}()
 4 SYSTEMPATH\View\View.php(250): CodeIgniter\View\View->render('layout/template', [], true)
 5 SYSTEMPATH\Common.php(1171): CodeIgniter\View\View->render('index', [], true)
 6 APPPATH\Controllers\Home.php(9): view('index')
 7 SYSTEMPATH\CodeIgniter.php(933): App\Controllers\Home->index()
 8 SYSTEMPATH\CodeIgniter.php(509): CodeIgniter\CodeIgniter->runController(Object(App\Controllers\Home))
 9 SYSTEMPATH\CodeIgniter.php(355): CodeIgniter\CodeIgniter->handleRequest(null, Object(Config\Cache), false)
10 SYSTEMPATH\Boot.php(325): CodeIgniter\CodeIgniter->run()
11 SYSTEMPATH\Boot.php(67): CodeIgniter\Boot::runCodeIgniter(Object(CodeIgniter\CodeIgniter))
12 FCPATH\index.php(56): CodeIgniter\Boot::bootWeb(Object(Config\Paths))
CRITICAL - 2024-11-20 06:29:15 --> ErrorException: Undefined variable $titulo
[Method: GET, Route: ver_lineastelefonicas]
in APPPATH\Views\layout\template.php on line 7.
 1 APPPATH\Views\layout\template.php(7): CodeIgniter\Debug\Exceptions->errorHandler(2, 'Undefined variable $titulo', 'C:\\xampp\\htdocs\\fs2024_telefonia\\app\\Views\\layout\\template.php', 7)
 2 SYSTEMPATH\View\View.php(234): include('C:\\xampp\\htdocs\\fs2024_telefonia\\app\\Views\\layout\\template.php')
 3 SYSTEMPATH\View\View.php(237): CodeIgniter\View\View->CodeIgniter\View\{closure}()
 4 SYSTEMPATH\View\View.php(250): CodeIgniter\View\View->render('layout/template', [], true)
 5 SYSTEMPATH\Common.php(1171): CodeIgniter\View\View->render('lineastelefonicas', [], true)
 6 APPPATH\Controllers\LineasTelefonicas.php(16): view('lineastelefonicas', [...])
 7 SYSTEMPATH\CodeIgniter.php(933): App\Controllers\LineasTelefonicas->index()
 8 SYSTEMPATH\CodeIgniter.php(509): CodeIgniter\CodeIgniter->runController(Object(App\Controllers\LineasTelefonicas))
 9 SYSTEMPATH\CodeIgniter.php(355): CodeIgniter\CodeIgniter->handleRequest(null, Object(Config\Cache), false)
10 SYSTEMPATH\Boot.php(325): CodeIgniter\CodeIgniter->run()
11 SYSTEMPATH\Boot.php(67): CodeIgniter\Boot::runCodeIgniter(Object(CodeIgniter\CodeIgniter))
12 FCPATH\index.php(56): CodeIgniter\Boot::bootWeb(Object(Config\Paths))
CRITICAL - 2024-11-20 06:33:43 --> ErrorException: Undefined variable $titulo
[Method: GET, Route: ver_lineastelefonicas]
in APPPATH\Views\layout\template.php on line 7.
 1 APPPATH\Views\layout\template.php(7): CodeIgniter\Debug\Exceptions->errorHandler(2, 'Undefined variable $titulo', 'C:\\xampp\\htdocs\\fs2024_telefonia\\app\\Views\\layout\\template.php', 7)
 2 SYSTEMPATH\View\View.php(234): include('C:\\xampp\\htdocs\\fs2024_telefonia\\app\\Views\\layout\\template.php')
 3 SYSTEMPATH\View\View.php(237): CodeIgniter\View\View->CodeIgniter\View\{closure}()
 4 SYSTEMPATH\View\View.php(250): CodeIgniter\View\View->render('layout/template', [], true)
 5 SYSTEMPATH\Common.php(1171): CodeIgniter\View\View->render('lineastelefonicas', [], true)
 6 APPPATH\Controllers\LineasTelefonicas.php(16): view('lineastelefonicas', [...])
 7 SYSTEMPATH\CodeIgniter.php(933): App\Controllers\LineasTelefonicas->index()
 8 SYSTEMPATH\CodeIgniter.php(509): CodeIgniter\CodeIgniter->runController(Object(App\Controllers\LineasTelefonicas))
 9 SYSTEMPATH\CodeIgniter.php(355): CodeIgniter\CodeIgniter->handleRequest(null, Object(Config\Cache), false)
10 SYSTEMPATH\Boot.php(325): CodeIgniter\CodeIgniter->run()
11 SYSTEMPATH\Boot.php(67): CodeIgniter\Boot::runCodeIgniter(Object(CodeIgniter\CodeIgniter))
12 FCPATH\index.php(56): CodeIgniter\Boot::bootWeb(Object(Config\Paths))
CRITICAL - 2024-11-20 06:33:48 --> ErrorException: Undefined variable $titulo
[Method: GET, Route: ver_lineastelefonicas]
in APPPATH\Views\layout\template.php on line 7.
 1 APPPATH\Views\layout\template.php(7): CodeIgniter\Debug\Exceptions->errorHandler(2, 'Undefined variable $titulo', 'C:\\xampp\\htdocs\\fs2024_telefonia\\app\\Views\\layout\\template.php', 7)
 2 SYSTEMPATH\View\View.php(234): include('C:\\xampp\\htdocs\\fs2024_telefonia\\app\\Views\\layout\\template.php')
 3 SYSTEMPATH\View\View.php(237): CodeIgniter\View\View->CodeIgniter\View\{closure}()
 4 SYSTEMPATH\View\View.php(250): CodeIgniter\View\View->render('layout/template', [], true)
 5 SYSTEMPATH\Common.php(1171): CodeIgniter\View\View->render('lineastelefonicas', [], true)
 6 APPPATH\Controllers\LineasTelefonicas.php(16): view('lineastelefonicas', [...])
 7 SYSTEMPATH\CodeIgniter.php(933): App\Controllers\LineasTelefonicas->index()
 8 SYSTEMPATH\CodeIgniter.php(509): CodeIgniter\CodeIgniter->runController(Object(App\Controllers\LineasTelefonicas))
 9 SYSTEMPATH\CodeIgniter.php(355): CodeIgniter\CodeIgniter->handleRequest(null, Object(Config\Cache), false)
10 SYSTEMPATH\Boot.php(325): CodeIgniter\CodeIgniter->run()
11 SYSTEMPATH\Boot.php(67): CodeIgniter\Boot::runCodeIgniter(Object(CodeIgniter\CodeIgniter))
12 FCPATH\index.php(56): CodeIgniter\Boot::bootWeb(Object(Config\Paths))
CRITICAL - 2024-11-20 06:36:22 --> ErrorException: Undefined variable $titulo
[Method: GET, Route: ver_planes]
in APPPATH\Views\layout\template.php on line 7.
 1 APPPATH\Views\layout\template.php(7): CodeIgniter\Debug\Exceptions->errorHandler(2, 'Undefined variable $titulo', 'C:\\xampp\\htdocs\\fs2024_telefonia\\app\\Views\\layout\\template.php', 7)
 2 SYSTEMPATH\View\View.php(234): include('C:\\xampp\\htdocs\\fs2024_telefonia\\app\\Views\\layout\\template.php')
 3 SYSTEMPATH\View\View.php(237): CodeIgniter\View\View->CodeIgniter\View\{closure}()
 4 SYSTEMPATH\View\View.php(250): CodeIgniter\View\View->render('layout/template', [], true)
 5 SYSTEMPATH\Common.php(1171): CodeIgniter\View\View->render('planes', [], true)
 6 APPPATH\Controllers\Planes.php(16): view('planes', [...])
 7 SYSTEMPATH\CodeIgniter.php(933): App\Controllers\Planes->index()
 8 SYSTEMPATH\CodeIgniter.php(509): CodeIgniter\CodeIgniter->runController(Object(App\Controllers\Planes))
 9 SYSTEMPATH\CodeIgniter.php(355): CodeIgniter\CodeIgniter->handleRequest(null, Object(Config\Cache), false)
10 SYSTEMPATH\Boot.php(325): CodeIgniter\CodeIgniter->run()
11 SYSTEMPATH\Boot.php(67): CodeIgniter\Boot::runCodeIgniter(Object(CodeIgniter\CodeIgniter))
12 FCPATH\index.php(56): CodeIgniter\Boot::bootWeb(Object(Config\Paths))
CRITICAL - 2024-11-20 06:37:24 --> ErrorException: Undefined variable $titulo
[Method: GET, Route: ver_planes]
in APPPATH\Views\layout\template.php on line 7.
 1 APPPATH\Views\layout\template.php(7): CodeIgniter\Debug\Exceptions->errorHandler(2, 'Undefined variable $titulo', 'C:\\xampp\\htdocs\\fs2024_telefonia\\app\\Views\\layout\\template.php', 7)
 2 SYSTEMPATH\View\View.php(234): include('C:\\xampp\\htdocs\\fs2024_telefonia\\app\\Views\\layout\\template.php')
 3 SYSTEMPATH\View\View.php(237): CodeIgniter\View\View->CodeIgniter\View\{closure}()
 4 SYSTEMPATH\View\View.php(250): CodeIgniter\View\View->render('layout/template', [], true)
 5 SYSTEMPATH\Common.php(1171): CodeIgniter\View\View->render('planes', [], true)
 6 APPPATH\Controllers\Planes.php(16): view('planes', [...])
 7 SYSTEMPATH\CodeIgniter.php(933): App\Controllers\Planes->index()
 8 SYSTEMPATH\CodeIgniter.php(509): CodeIgniter\CodeIgniter->runController(Object(App\Controllers\Planes))
 9 SYSTEMPATH\CodeIgniter.php(355): CodeIgniter\CodeIgniter->handleRequest(null, Object(Config\Cache), false)
10 SYSTEMPATH\Boot.php(325): CodeIgniter\CodeIgniter->run()
11 SYSTEMPATH\Boot.php(67): CodeIgniter\Boot::runCodeIgniter(Object(CodeIgniter\CodeIgniter))
12 FCPATH\index.php(56): CodeIgniter\Boot::bootWeb(Object(Config\Paths))
CRITICAL - 2024-11-20 08:05:31 --> ErrorException: Undefined variable $titulo
[Method: GET, Route: clientes]
in APPPATH\Views\layout\template.php on line 7.
 1 APPPATH\Views\layout\template.php(7): CodeIgniter\Debug\Exceptions->errorHandler(2, 'Undefined variable $titulo', 'C:\\xampp\\htdocs\\fs2024_telefonia\\app\\Views\\layout\\template.php', 7)
 2 SYSTEMPATH\View\View.php(234): include('C:\\xampp\\htdocs\\fs2024_telefonia\\app\\Views\\layout\\template.php')
 3 SYSTEMPATH\View\View.php(237): CodeIgniter\View\View->CodeIgniter\View\{closure}()
 4 SYSTEMPATH\View\View.php(250): CodeIgniter\View\View->render('layout/template', [], true)
 5 SYSTEMPATH\Common.php(1171): CodeIgniter\View\View->render('clientes', [], true)
 6 APPPATH\Controllers\ClientesController.php(15): view('clientes', [...])
 7 SYSTEMPATH\CodeIgniter.php(933): App\Controllers\ClientesController->index()
 8 SYSTEMPATH\CodeIgniter.php(509): CodeIgniter\CodeIgniter->runController(Object(App\Controllers\ClientesController))
 9 SYSTEMPATH\CodeIgniter.php(355): CodeIgniter\CodeIgniter->handleRequest(null, Object(Config\Cache), false)
10 SYSTEMPATH\Boot.php(325): CodeIgniter\CodeIgniter->run()
11 SYSTEMPATH\Boot.php(67): CodeIgniter\Boot::runCodeIgniter(Object(CodeIgniter\CodeIgniter))
12 FCPATH\index.php(56): CodeIgniter\Boot::bootWeb(Object(Config\Paths))
CRITICAL - 2024-11-20 08:05:57 --> ErrorException: Undefined variable $titulo
[Method: GET, Route: clientes]
in APPPATH\Views\layout\template.php on line 7.
 1 APPPATH\Views\layout\template.php(7): CodeIgniter\Debug\Exceptions->errorHandler(2, 'Undefined variable $titulo', 'C:\\xampp\\htdocs\\fs2024_telefonia\\app\\Views\\layout\\template.php', 7)
 2 SYSTEMPATH\View\View.php(234): include('C:\\xampp\\htdocs\\fs2024_telefonia\\app\\Views\\layout\\template.php')
 3 SYSTEMPATH\View\View.php(237): CodeIgniter\View\View->CodeIgniter\View\{closure}()
 4 SYSTEMPATH\View\View.php(250): CodeIgniter\View\View->render('layout/template', [], true)
 5 SYSTEMPATH\Common.php(1171): CodeIgniter\View\View->render('clientes', [], true)
 6 APPPATH\Controllers\ClientesController.php(15): view('clientes', [...])
 7 SYSTEMPATH\CodeIgniter.php(933): App\Controllers\ClientesController->index()
 8 SYSTEMPATH\CodeIgniter.php(509): CodeIgniter\CodeIgniter->runController(Object(App\Controllers\ClientesController))
 9 SYSTEMPATH\CodeIgniter.php(355): CodeIgniter\CodeIgniter->handleRequest(null, Object(Config\Cache), false)
10 SYSTEMPATH\Boot.php(325): CodeIgniter\CodeIgniter->run()
11 SYSTEMPATH\Boot.php(67): CodeIgniter\Boot::runCodeIgniter(Object(CodeIgniter\CodeIgniter))
12 FCPATH\index.php(56): CodeIgniter\Boot::bootWeb(Object(Config\Paths))
CRITICAL - 2024-11-20 08:07:18 --> ErrorException: Undefined variable $titulo
[Method: GET, Route: lineastelefonicas]
in APPPATH\Views\layout\template.php on line 7.
 1 APPPATH\Views\layout\template.php(7): CodeIgniter\Debug\Exceptions->errorHandler(2, 'Undefined variable $titulo', 'C:\\xampp\\htdocs\\fs2024_telefonia\\app\\Views\\layout\\template.php', 7)
 2 SYSTEMPATH\View\View.php(234): include('C:\\xampp\\htdocs\\fs2024_telefonia\\app\\Views\\layout\\template.php')
 3 SYSTEMPATH\View\View.php(237): CodeIgniter\View\View->CodeIgniter\View\{closure}()
 4 SYSTEMPATH\View\View.php(250): CodeIgniter\View\View->render('layout/template', [], true)
 5 SYSTEMPATH\Common.php(1171): CodeIgniter\View\View->render('lineastelefonicas', [], true)
 6 APPPATH\Controllers\LineasTelefonicasController.php(15): view('lineastelefonicas', [...])
 7 SYSTEMPATH\CodeIgniter.php(933): App\Controllers\LineasTelefonicasController->index()
 8 SYSTEMPATH\CodeIgniter.php(509): CodeIgniter\CodeIgniter->runController(Object(App\Controllers\LineasTelefonicasController))
 9 SYSTEMPATH\CodeIgniter.php(355): CodeIgniter\CodeIgniter->handleRequest(null, Object(Config\Cache), false)
10 SYSTEMPATH\Boot.php(325): CodeIgniter\CodeIgniter->run()
11 SYSTEMPATH\Boot.php(67): CodeIgniter\Boot::runCodeIgniter(Object(CodeIgniter\CodeIgniter))
12 FCPATH\index.php(56): CodeIgniter\Boot::bootWeb(Object(Config\Paths))
CRITICAL - 2024-11-20 08:09:24 --> ErrorException: Undefined variable $titulo
[Method: GET, Route: lineastelefonicas]
in APPPATH\Views\layout\template.php on line 7.
 1 APPPATH\Views\layout\template.php(7): CodeIgniter\Debug\Exceptions->errorHandler(2, 'Undefined variable $titulo', 'C:\\xampp\\htdocs\\fs2024_telefonia\\app\\Views\\layout\\template.php', 7)
 2 SYSTEMPATH\View\View.php(234): include('C:\\xampp\\htdocs\\fs2024_telefonia\\app\\Views\\layout\\template.php')
 3 SYSTEMPATH\View\View.php(237): CodeIgniter\View\View->CodeIgniter\View\{closure}()
 4 SYSTEMPATH\View\View.php(250): CodeIgniter\View\View->render('layout/template', [], true)
 5 SYSTEMPATH\Common.php(1171): CodeIgniter\View\View->render('lineastelefonicas', [], true)
 6 APPPATH\Controllers\LineasTelefonicasController.php(15): view('lineastelefonicas', [...])
 7 SYSTEMPATH\CodeIgniter.php(933): App\Controllers\LineasTelefonicasController->index()
 8 SYSTEMPATH\CodeIgniter.php(509): CodeIgniter\CodeIgniter->runController(Object(App\Controllers\LineasTelefonicasController))
 9 SYSTEMPATH\CodeIgniter.php(355): CodeIgniter\CodeIgniter->handleRequest(null, Object(Config\Cache), false)
10 SYSTEMPATH\Boot.php(325): CodeIgniter\CodeIgniter->run()
11 SYSTEMPATH\Boot.php(67): CodeIgniter\Boot::runCodeIgniter(Object(CodeIgniter\CodeIgniter))
12 FCPATH\index.php(56): CodeIgniter\Boot::bootWeb(Object(Config\Paths))
CRITICAL - 2024-11-20 08:09:36 --> ErrorException: Undefined variable $titulo
[Method: GET, Route: planes]
in APPPATH\Views\layout\template.php on line 7.
 1 APPPATH\Views\layout\template.php(7): CodeIgniter\Debug\Exceptions->errorHandler(2, 'Undefined variable $titulo', 'C:\\xampp\\htdocs\\fs2024_telefonia\\app\\Views\\layout\\template.php', 7)
 2 SYSTEMPATH\View\View.php(234): include('C:\\xampp\\htdocs\\fs2024_telefonia\\app\\Views\\layout\\template.php')
 3 SYSTEMPATH\View\View.php(237): CodeIgniter\View\View->CodeIgniter\View\{closure}()
 4 SYSTEMPATH\View\View.php(250): CodeIgniter\View\View->render('layout/template', [], true)
 5 SYSTEMPATH\Common.php(1171): CodeIgniter\View\View->render('planes', [], true)
 6 APPPATH\Controllers\PlanesController.php(19): view('planes', [...])
 7 SYSTEMPATH\CodeIgniter.php(933): App\Controllers\PlanesController->index()
 8 SYSTEMPATH\CodeIgniter.php(509): CodeIgniter\CodeIgniter->runController(Object(App\Controllers\PlanesController))
 9 SYSTEMPATH\CodeIgniter.php(355): CodeIgniter\CodeIgniter->handleRequest(null, Object(Config\Cache), false)
10 SYSTEMPATH\Boot.php(325): CodeIgniter\CodeIgniter->run()
11 SYSTEMPATH\Boot.php(67): CodeIgniter\Boot::runCodeIgniter(Object(CodeIgniter\CodeIgniter))
12 FCPATH\index.php(56): CodeIgniter\Boot::bootWeb(Object(Config\Paths))
